2024-01-18 14:01:47,336 [INFO] Activator:176 - 


2024-01-18 14:01:47,337 [INFO] Activator:177 - !SESSION log4j initialized
2024-01-18 14:01:48,643 [INFO] LogOutputStream:77 - [STDOUT_REDIRECT] 
2024-01-18 14:01:49,482 [INFO] ApplicationProperties:184 - Using Application install path: C:\Program Files\STMicroelectronics\STM32CubeIDE_1.13.2\STM32CubeIDE\plugins\com.st.stm32cube.common.mx_6.9.2.202309101412
2024-01-18 14:01:49,491 [INFO] DbMcusXml:78 - Set database path to: C:\Program Files\STMicroelectronics\STM32CubeIDE_1.13.2\STM32CubeIDE\plugins\com.st.stm32cube.common.mx_6.9.2.202309101412\\db\/mcu/
2024-01-18 14:01:49,491 [INFO] ApiDb:274 - Set plugin database path to: C:\Program Files\STMicroelectronics\STM32CubeIDE_1.13.2\STM32CubeIDE\plugins\com.st.stm32cube.common.mx_6.9.2.202309101412\\db\/plugins/boardmanager/
2024-01-18 14:01:49,491 [WARN] ApiDb:259 - Overriding images path with different value:  => C:\Program Files\STMicroelectronics\STM32CubeIDE_1.13.2\STM32CubeIDE\plugins\com.st.stm32cube.common.mx_6.9.2.202309101412\\db\/plugins/mcufinder/images/
2024-01-18 14:01:49,496 [INFO] ApiDb:250 - Set database path to: C:\Users\JJohn\.stmcufinder\plugins\mcufinder//mcu/
2024-01-18 14:01:49,497 [INFO] DbMcusAds:125 - Set database path to: C:\Users\JJohn\.stmcufinder\plugins\mcufinder//mcu/
2024-01-18 14:01:49,498 [INFO] CrossReferenceDbSqlite:203 - Set database path to: C:\Users\JJohn\.stmcufinder\plugins\mcufinder//mcu/cs/
2024-01-18 14:01:49,556 [INFO] RulesReader:64 - Compatibility file has been processed (293 Rules)
2024-01-18 14:01:49,595 [INFO] DbMcusXml:78 - Set database path to: C:\Program Files\STMicroelectronics\STM32CubeIDE_1.13.2\STM32CubeIDE\plugins\com.st.stm32cube.common.mx_6.9.2.202309101412\\db\/mcu/
2024-01-18 14:01:49,595 [INFO] ApiDb:274 - Set plugin database path to: C:\Program Files\STMicroelectronics\STM32CubeIDE_1.13.2\STM32CubeIDE\plugins\com.st.stm32cube.common.mx_6.9.2.202309101412\\db\/plugins/boardmanager/
2024-01-18 14:01:49,596 [INFO] ApiDb:261 - Set plugin images path to: C:\Program Files\STMicroelectronics\STM32CubeIDE_1.13.2\STM32CubeIDE\plugins\com.st.stm32cube.common.mx_6.9.2.202309101412\\db\/plugins/mcufinder/images/
2024-01-18 14:01:49,596 [WARN] DbFile:41 - Overriding database path with different value: C:\Users\JJohn\.stmcufinder\plugins\mcufinder/ => C:\Users\JJohn\.stmcufinder\plugins\mcufinder
2024-01-18 14:01:49,596 [INFO] ApiDb:250 - Set database path to: C:\Users\JJohn\.stmcufinder\plugins\mcufinder//mcu/
2024-01-18 14:01:49,596 [WARN] DbFile:41 - Overriding database path with different value: C:\Users\JJohn\.stmcufinder\plugins\mcufinder/ => C:\Users\JJohn\.stmcufinder\plugins\mcufinder
2024-01-18 14:01:49,596 [INFO] DbMcusAds:125 - Set database path to: C:\Users\JJohn\.stmcufinder\plugins\mcufinder//mcu/
2024-01-18 14:01:49,596 [WARN] DbFile:41 - Overriding database path with different value: C:\Users\JJohn\.stmcufinder\plugins\mcufinder/ => C:\Users\JJohn\.stmcufinder\plugins\mcufinder
2024-01-18 14:01:49,596 [WARN] DbFile:41 - Overriding database path with different value: C:\Users\JJohn\.stmcufinder\plugins\mcufinder/ => C:\Users\JJohn\.stmcufinder\plugins\mcufinder
2024-01-18 14:01:49,596 [INFO] CrossReferenceDbSqlite:203 - Set database path to: C:\Users\JJohn\.stmcufinder\plugins\mcufinder//mcu/cs/
2024-01-18 14:01:49,628 [INFO] MainPanel:262 - HeapMemory: 268435456
2024-01-18 14:01:49,661 [INFO] DbMcusXml:78 - Set database path to: C:\Program Files\STMicroelectronics\STM32CubeIDE_1.13.2\STM32CubeIDE\plugins\com.st.stm32cube.common.mx_6.9.2.202309101412\\db\/mcu/
2024-01-18 14:01:49,661 [INFO] ApiDb:274 - Set plugin database path to: C:\Program Files\STMicroelectronics\STM32CubeIDE_1.13.2\STM32CubeIDE\plugins\com.st.stm32cube.common.mx_6.9.2.202309101412\\db\/plugins/boardmanager/
2024-01-18 14:01:49,661 [INFO] ApiDb:261 - Set plugin images path to: C:\Program Files\STMicroelectronics\STM32CubeIDE_1.13.2\STM32CubeIDE\plugins\com.st.stm32cube.common.mx_6.9.2.202309101412\\db\/plugins/mcufinder/images/
2024-01-18 14:01:49,661 [WARN] DbFile:41 - Overriding database path with different value: C:\Users\JJohn\.stmcufinder\plugins\mcufinder/ => C:\Users\JJohn\.stmcufinder\plugins\mcufinder
2024-01-18 14:01:49,661 [INFO] ApiDb:250 - Set database path to: C:\Users\JJohn\.stmcufinder\plugins\mcufinder//mcu/
2024-01-18 14:01:49,661 [WARN] DbFile:41 - Overriding database path with different value: C:\Users\JJohn\.stmcufinder\plugins\mcufinder/ => C:\Users\JJohn\.stmcufinder\plugins\mcufinder
2024-01-18 14:01:49,661 [INFO] DbMcusAds:125 - Set database path to: C:\Users\JJohn\.stmcufinder\plugins\mcufinder//mcu/
2024-01-18 14:01:49,661 [WARN] DbFile:41 - Overriding database path with different value: C:\Users\JJohn\.stmcufinder\plugins\mcufinder/ => C:\Users\JJohn\.stmcufinder\plugins\mcufinder
2024-01-18 14:01:49,661 [WARN] DbFile:41 - Overriding database path with different value: C:\Users\JJohn\.stmcufinder\plugins\mcufinder/ => C:\Users\JJohn\.stmcufinder\plugins\mcufinder
2024-01-18 14:01:49,662 [INFO] CrossReferenceDbSqlite:203 - Set database path to: C:\Users\JJohn\.stmcufinder\plugins\mcufinder//mcu/cs/
2024-01-18 14:01:49,669 [INFO] ApplicationProperties:184 - Using Application install path: C:\Program Files\STMicroelectronics\STM32CubeIDE_1.13.2\STM32CubeIDE\plugins\com.st.stm32cube.common.mx_6.9.2.202309101412
2024-01-18 14:01:49,670 [INFO] PluginManage:196 - Search for loadable plugins [exclusion list=, ]
2024-01-18 14:01:49,670 [INFO] PluginManage:310 - Check plugin analytics
2024-01-18 14:01:49,745 [INFO] AnalyticsPlugin:253 - Accepted Software Licenses: STM32CubeMX.6.9.2
2024-01-18 14:01:49,745 [INFO] AnalyticsPlugin:255 - Accepted CMSIS Pack Licenses: 
2024-01-18 14:01:49,745 [INFO] AnalyticsPlugin:257 - Accepted Firmware Licenses: FW.F4.1.27.0,FW.F4.1.28.0,FW.F7.1.17.0
2024-01-18 14:01:49,748 [INFO] PluginManage:359 - Loaded plugin analytics (category:tool,tabindex:-1)
2024-01-18 14:01:49,748 [INFO] PluginManage:310 - Check plugin cadmodel
2024-01-18 14:01:49,751 [INFO] CADModel:105 - Init CAD model plugin
2024-01-18 14:01:49,751 [INFO] PluginManage:359 - Loaded plugin cadmodel (category:power,tabindex:5)
2024-01-18 14:01:49,751 [INFO] PluginManage:310 - Check plugin clock
2024-01-18 14:01:49,757 [INFO] PluginManage:359 - Loaded plugin clock (category:base,tabindex:2)
2024-01-18 14:01:49,757 [INFO] PluginManage:310 - Check plugin ddr
2024-01-18 14:01:49,759 [INFO] PluginManage:359 - Loaded plugin ddr (category:tool,tabindex:6)
2024-01-18 14:01:49,759 [INFO] PluginManage:310 - Check plugin filemanager
2024-01-18 14:01:49,823 [INFO] PluginManage:359 - Loaded plugin filemanager (category:base,tabindex:10)
2024-01-18 14:01:49,823 [INFO] PluginManage:310 - Check plugin ipmanager
2024-01-18 14:01:49,827 [INFO] PluginManage:359 - Loaded plugin ipmanager (category:base,tabindex:5)
2024-01-18 14:01:49,828 [INFO] PluginManage:310 - Check plugin lpbam
2024-01-18 14:01:49,832 [INFO] PluginManage:359 - Loaded plugin lpbam (category:base,tabindex:0)
2024-01-18 14:01:49,832 [INFO] PluginManage:310 - Check plugin memorymap
2024-01-18 14:01:49,836 [INFO] PluginManage:359 - Loaded plugin memorymap (category:base,tabindex:4)
2024-01-18 14:01:49,837 [INFO] PluginManage:310 - Check plugin pinoutandconfiguration
2024-01-18 14:01:49,845 [INFO] PluginManage:359 - Loaded plugin pinoutandconfiguration (category:base,tabindex:1)
2024-01-18 14:01:49,845 [INFO] PluginManage:310 - Check plugin pinoutconfig
2024-01-18 14:01:49,894 [WARN] SupportedApi:132 - Cannot load RTOS API schema: s4s-elt-must-match.1: The content of 'definitions' must match (annotation?, (simpleType | complexType)?, (unique | key | keyref)*)). A problem was found starting at: attribute.
2024-01-18 14:01:49,955 [INFO] PluginManage:359 - Loaded plugin pinoutconfig (category:base,tabindex:0)
2024-01-18 14:01:49,955 [INFO] PluginManage:310 - Check plugin power
2024-01-18 14:01:49,960 [INFO] PluginManage:359 - Loaded plugin power (category:power,tabindex:4)
2024-01-18 14:01:49,960 [INFO] PluginManage:310 - Check plugin projectmanager
2024-01-18 14:01:49,966 [INFO] PluginManage:359 - Loaded plugin projectmanager (category:projectmanager,tabindex:3)
2024-01-18 14:01:49,966 [INFO] PluginManage:310 - Check plugin thirdparty
2024-01-18 14:01:50,030 [WARN] IntegrityCheckThread:84 - waiting for thirdparty lock release [integrity check]
2024-01-18 14:01:50,030 [INFO] PluginManage:359 - Loaded plugin thirdparty (category:base,tabindex:-1)
2024-01-18 14:01:50,030 [INFO] PluginManage:310 - Check plugin tools
2024-01-18 14:01:50,030 [INFO] IntegrityCheckThread:86 - entering critical section [integrity check]
2024-01-18 14:01:50,030 [INFO] ThirdPartyUpdaterWithRetryManager:70 - Updater plugin not ready yet. [1/15]
2024-01-18 14:01:50,032 [INFO] PluginManage:359 - Loaded plugin tools (category:base,tabindex:7)
2024-01-18 14:01:50,032 [INFO] PluginManage:310 - Check plugin tutovideos
2024-01-18 14:01:50,116 [INFO] PluginManage:359 - Loaded plugin tutovideos (category:base,tabindex:-1)
2024-01-18 14:01:50,116 [INFO] PluginManage:310 - Check plugin updater
2024-01-18 14:01:50,121 [INFO] PluginManage:359 - Loaded plugin updater (category:base,tabindex:12)
2024-01-18 14:01:50,121 [INFO] PluginManage:310 - Check plugin userauth
2024-01-18 14:01:50,124 [INFO] UserAuth:113 - Init User Auth plugin
2024-01-18 14:01:50,124 [INFO] PluginManage:359 - Loaded plugin userauth (category:base,tabindex:14)
2024-01-18 14:01:50,124 [INFO] PluginManage:283 - PluginManage : Loaded plugins [17]
2024-01-18 14:01:50,231 [INFO] PinOutPanel:1499 - setPackage(No Configuration,No Configuration)
2024-01-18 14:01:50,277 [INFO] CADModel:165 - CPN selected for project level
2024-01-18 14:01:50,277 [INFO] CADModel:114 - Register for checkConnection events
2024-01-18 14:01:50,286 [INFO] IPUIPlugin:80 - create IPUIPlugin
2024-01-18 14:01:50,286 [INFO] PluginManager:220 - loadIPPluginJar : add adc
2024-01-18 14:01:50,287 [INFO] IPUIPlugin:80 - create IPUIPlugin
2024-01-18 14:01:50,287 [INFO] PluginManager:220 - loadIPPluginJar : add aes
2024-01-18 14:01:50,288 [INFO] IPUIPlugin:80 - create IPUIPlugin
2024-01-18 14:01:50,288 [INFO] PluginManager:220 - loadIPPluginJar : add can
2024-01-18 14:01:50,288 [INFO] IPUIPlugin:80 - create IPUIPlugin
2024-01-18 14:01:50,289 [INFO] PluginManager:220 - loadIPPluginJar : add comp
2024-01-18 14:01:50,289 [INFO] IPUIPlugin:80 - create IPUIPlugin
2024-01-18 14:01:50,289 [INFO] PluginManager:220 - loadIPPluginJar : add cryp
2024-01-18 14:01:50,290 [INFO] IPUIPlugin:80 - create IPUIPlugin
2024-01-18 14:01:50,290 [INFO] PluginManager:220 - loadIPPluginJar : add dfsdm
2024-01-18 14:01:50,293 [INFO] IPUIPlugin:80 - create IPUIPlugin
2024-01-18 14:01:50,293 [INFO] PluginManager:220 - loadIPPluginJar : add dma
2024-01-18 14:01:50,294 [INFO] IPUIPlugin:80 - create IPUIPlugin
2024-01-18 14:01:50,294 [INFO] PluginManager:220 - loadIPPluginJar : add dma3
2024-01-18 14:01:50,295 [INFO] IPUIPlugin:80 - create IPUIPlugin
2024-01-18 14:01:50,295 [INFO] PluginManager:220 - loadIPPluginJar : add fatfs
2024-01-18 14:01:50,296 [INFO] IPUIPlugin:80 - create IPUIPlugin
2024-01-18 14:01:50,296 [INFO] PluginManager:220 - loadIPPluginJar : add fmc
2024-01-18 14:01:50,299 [INFO] IPUIPlugin:80 - create IPUIPlugin
2024-01-18 14:01:50,299 [INFO] PluginManager:220 - loadIPPluginJar : add freertos
2024-01-18 14:01:50,299 [INFO] IPUIPlugin:80 - create IPUIPlugin
2024-01-18 14:01:50,299 [INFO] PluginManager:220 - loadIPPluginJar : add genericplugin
2024-01-18 14:01:50,300 [INFO] IPUIPlugin:80 - create IPUIPlugin
2024-01-18 14:01:50,300 [INFO] PluginManager:220 - loadIPPluginJar : add gfxmmu
2024-01-18 14:01:50,302 [INFO] IPUIPlugin:80 - create IPUIPlugin
2024-01-18 14:01:50,302 [INFO] PluginManager:220 - loadIPPluginJar : add gic
2024-01-18 14:01:50,304 [INFO] IPUIPlugin:80 - create IPUIPlugin
2024-01-18 14:01:50,304 [INFO] PluginManager:220 - loadIPPluginJar : add gpio
2024-01-18 14:01:50,306 [INFO] IPUIPlugin:80 - create IPUIPlugin
2024-01-18 14:01:50,306 [INFO] PluginManager:220 - loadIPPluginJar : add gtzc
2024-01-18 14:01:50,306 [INFO] IPUIPlugin:80 - create IPUIPlugin
2024-01-18 14:01:50,306 [INFO] PluginManager:220 - loadIPPluginJar : add hash
2024-01-18 14:01:50,307 [INFO] IPUIPlugin:80 - create IPUIPlugin
2024-01-18 14:01:50,307 [INFO] PluginManager:220 - loadIPPluginJar : add i2c
2024-01-18 14:01:50,308 [INFO] IPUIPlugin:80 - create IPUIPlugin
2024-01-18 14:01:50,308 [INFO] PluginManager:220 - loadIPPluginJar : add i2s
2024-01-18 14:01:50,309 [INFO] IPUIPlugin:80 - create IPUIPlugin
2024-01-18 14:01:50,309 [INFO] PluginManager:220 - loadIPPluginJar : add i3c
2024-01-18 14:01:50,311 [INFO] IPUIPlugin:80 - create IPUIPlugin
2024-01-18 14:01:50,311 [INFO] PluginManager:220 - loadIPPluginJar : add ipddr
2024-01-18 14:01:50,314 [INFO] IPUIPlugin:80 - create IPUIPlugin
2024-01-18 14:01:50,314 [INFO] PluginManager:220 - loadIPPluginJar : add linkedlist
2024-01-18 14:01:50,315 [INFO] IPUIPlugin:80 - create IPUIPlugin
2024-01-18 14:01:50,315 [INFO] PluginManager:220 - loadIPPluginJar : add lorawan
2024-01-18 14:01:50,316 [INFO] IPUIPlugin:80 - create IPUIPlugin
2024-01-18 14:01:50,316 [INFO] PluginManager:220 - loadIPPluginJar : add ltdc
2024-01-18 14:01:50,318 [INFO] IPUIPlugin:80 - create IPUIPlugin
2024-01-18 14:01:50,318 [INFO] PluginManager:220 - loadIPPluginJar : add mdma
2024-01-18 14:01:50,319 [INFO] IPUIPlugin:80 - create IPUIPlugin
2024-01-18 14:01:50,319 [INFO] PluginManager:220 - loadIPPluginJar : add nvic
2024-01-18 14:01:50,321 [INFO] IPUIPlugin:80 - create IPUIPlugin
2024-01-18 14:01:50,321 [INFO] PluginManager:220 - loadIPPluginJar : add opamp
2024-01-18 14:01:50,322 [INFO] IPUIPlugin:80 - create IPUIPlugin
2024-01-18 14:01:50,322 [INFO] PluginManager:220 - loadIPPluginJar : add openamp
2024-01-18 14:01:50,323 [INFO] IPUIPlugin:80 - create IPUIPlugin
2024-01-18 14:01:50,323 [INFO] PluginManager:220 - loadIPPluginJar : add pdm2pcm
2024-01-18 14:01:50,326 [INFO] IPUIPlugin:80 - create IPUIPlugin
2024-01-18 14:01:50,326 [INFO] PluginManager:220 - loadIPPluginJar : add plateformsettings
2024-01-18 14:01:50,327 [INFO] IPUIPlugin:80 - create IPUIPlugin
2024-01-18 14:01:50,327 [INFO] PluginManager:220 - loadIPPluginJar : add quadspi
2024-01-18 14:01:50,329 [INFO] IPUIPlugin:80 - create IPUIPlugin
2024-01-18 14:01:50,329 [INFO] PluginManager:220 - loadIPPluginJar : add resmgrutility
2024-01-18 14:01:50,330 [INFO] IPUIPlugin:80 - create IPUIPlugin
2024-01-18 14:01:50,330 [INFO] PluginManager:220 - loadIPPluginJar : add sai
2024-01-18 14:01:50,331 [INFO] IPUIPlugin:80 - create IPUIPlugin
2024-01-18 14:01:50,331 [INFO] PluginManager:220 - loadIPPluginJar : add spi
2024-01-18 14:01:50,333 [INFO] IPUIPlugin:80 - create IPUIPlugin
2024-01-18 14:01:50,333 [INFO] PluginManager:220 - loadIPPluginJar : add stm32_wpan
2024-01-18 14:01:50,334 [INFO] IPUIPlugin:80 - create IPUIPlugin
2024-01-18 14:01:50,334 [INFO] PluginManager:220 - loadIPPluginJar : add tim
2024-01-18 14:01:50,334 [INFO] IPUIPlugin:80 - create IPUIPlugin
2024-01-18 14:01:50,336 [INFO] PluginManager:220 - loadIPPluginJar : add touchsensing
2024-01-18 14:01:50,336 [INFO] IPUIPlugin:80 - create IPUIPlugin
2024-01-18 14:01:50,336 [INFO] PluginManager:220 - loadIPPluginJar : add tracer_emb
2024-01-18 14:01:50,337 [INFO] IPUIPlugin:80 - create IPUIPlugin
2024-01-18 14:01:50,337 [INFO] PluginManager:220 - loadIPPluginJar : add ts
2024-01-18 14:01:50,338 [INFO] IPUIPlugin:80 - create IPUIPlugin
2024-01-18 14:01:50,338 [INFO] PluginManager:220 - loadIPPluginJar : add tsc
2024-01-18 14:01:50,338 [INFO] IPUIPlugin:80 - create IPUIPlugin
2024-01-18 14:01:50,338 [INFO] PluginManager:220 - loadIPPluginJar : add ucpd
2024-01-18 14:01:50,339 [INFO] IPUIPlugin:80 - create IPUIPlugin
2024-01-18 14:01:50,339 [INFO] PluginManager:220 - loadIPPluginJar : add usart
2024-01-18 14:01:50,341 [INFO] IPUIPlugin:80 - create IPUIPlugin
2024-01-18 14:01:50,341 [INFO] PluginManager:220 - loadIPPluginJar : add usbx
2024-01-18 14:01:50,434 [INFO] CADModel:165 - CPN selected for project level
2024-01-18 14:01:50,434 [INFO] CADModel:114 - Register for checkConnection events
2024-01-18 14:01:50,434 [FATAL] Updater:308 - Updater called before beeing initialized
2024-01-18 14:01:50,434 [ERROR] CADModel:125 - Updater not yet initialized, retry later 
2024-01-18 14:01:50,499 [INFO] CADModel:165 - CPN selected for project level
2024-01-18 14:01:50,499 [INFO] CADModel:114 - Register for checkConnection events
2024-01-18 14:01:50,499 [FATAL] Updater:308 - Updater called before beeing initialized
2024-01-18 14:01:50,499 [ERROR] CADModel:125 - Updater not yet initialized, retry later 
2024-01-18 14:01:50,501 [FATAL] Updater:308 - Updater called before beeing initialized
2024-01-18 14:01:50,549 [FATAL] Updater:308 - Updater called before beeing initialized
2024-01-18 14:01:50,552 [INFO] DbMcusAds:53 - JSON generation date=Wed Nov 29 02:52:27 PST 2023 (1701255147349)
2024-01-18 14:01:50,553 [FATAL] Updater:308 - Updater called before beeing initialized
2024-01-18 14:01:50,570 [WARN] DetailPanel:346 - Failed to get advertising image, set to default
2024-01-18 14:01:50,616 [FATAL] Updater:308 - Updater called before beeing initialized
2024-01-18 14:01:50,617 [FATAL] Updater:308 - Updater called before beeing initialized
2024-01-18 14:01:50,617 [FATAL] Updater:308 - Updater called before beeing initialized
2024-01-18 14:01:50,617 [WARN] DetailPanel:346 - Failed to get advertising image, set to default
2024-01-18 14:01:50,618 [FATAL] Updater:308 - Updater called before beeing initialized
2024-01-18 14:01:50,636 [ERROR] Updater:1120 - MainUpdater not yet initialized. External WinMGr cannot be set.
2024-01-18 14:01:50,637 [INFO] Updater:1056 - Updater Version found : 6.9.2
2024-01-18 14:01:50,648 [INFO] ApplicationProperties:184 - Using Application install path: C:\Program Files\STMicroelectronics\STM32CubeIDE_1.13.2\STM32CubeIDE\plugins\com.st.stm32cube.common.mx_6.9.2.202309101412
2024-01-18 14:01:50,810 [INFO] MainUpdater:2868 - connection check result : 10
2024-01-18 14:01:50,811 [INFO] MainUpdater:285 - Updater Check For Update Now.
2024-01-18 14:01:50,811 [INFO] MicroXplorer:498 - Change Database Version : DB.6.0.92
2024-01-18 14:01:50,813 [INFO] McuFinderGlobals:63 - Set McuFinder mode to 2 (CubeIDE integrated)
2024-01-18 14:01:50,947 [INFO] CheckServerUpdateThread:120 - End of CheckServer Thread
2024-01-18 14:01:53,100 [WARN] PackLoader:240 - Cannot read IP mode file for STMicroelectronics.X-CUBE-SMBUS.2.1.0
2024-01-18 14:01:53,106 [WARN] PackLoader:240 - Cannot read IP mode file for STMicroelectronics.X-CUBE-TOUCHGFX.4.23.0
2024-01-18 14:01:53,124 [WARN] PackLoader:240 - Cannot read IP mode file for STMicroelectronics.X-CUBE-AZRTOS-F7.1.1.0
2024-01-18 14:01:53,133 [WARN] PackLoader:240 - Cannot read IP mode file for STMicroelectronics.FP-SNS-MOTENV1.4.3.2
2024-01-18 14:01:53,140 [WARN] PackLoader:240 - Cannot read IP mode file for STMicroelectronics.FP-SNS-FLIGHT1.5.0.2
2024-01-18 14:01:53,148 [WARN] PackLoader:240 - Cannot read IP mode file for STMicroelectronics.X-CUBE-DISPLAY.3.0.0
2024-01-18 14:01:53,159 [WARN] PackLoader:240 - Cannot read IP mode file for STMicroelectronics.X-CUBE-BLE1.7.0.0
2024-01-18 14:01:53,166 [WARN] PackLoader:240 - Cannot read IP mode file for emotas.I-CUBE-CANOPEN.1.3.0
2024-01-18 14:01:53,177 [INFO] LogOutputStream:77 - [STDOUT_REDIRECT] 1 : Invalid condition id : UX_CORESTACK_Condition cause : null
2024-01-18 14:01:53,178 [INFO] LogOutputStream:77 - [STDOUT_REDIRECT] 1 : Invalid condition id : UX_CORESTACK_Condition cause : null
2024-01-18 14:01:53,179 [INFO] LogOutputStream:77 - [STDOUT_REDIRECT] 1 : Invalid condition id : UX_CORESTACK_Condition cause : null
2024-01-18 14:01:53,179 [INFO] LogOutputStream:77 - [STDOUT_REDIRECT] 1 : Invalid condition id : UX_CORESTACK_Condition cause : null
2024-01-18 14:01:53,180 [INFO] LogOutputStream:77 - [STDOUT_REDIRECT] 1 : Invalid condition id : UX_CORESTACK_Condition cause : null
2024-01-18 14:01:53,182 [WARN] PackLoader:240 - Cannot read IP mode file for STMicroelectronics.X-CUBE-AZRTOS-WL.2.0.0
2024-01-18 14:01:53,190 [WARN] PackLoader:240 - Cannot read IP mode file for WES.I-CUBE-Cesium.1.3.0
2024-01-18 14:01:53,197 [WARN] PackLoader:240 - Cannot read IP mode file for STMicroelectronics.X-CUBE-BLE2.3.3.0
2024-01-18 14:01:53,204 [WARN] PackLoader:240 - Cannot read IP mode file for STMicroelectronics.X-CUBE-ALGOBUILD.1.3.0
2024-01-18 14:01:53,217 [WARN] PackLoader:240 - Cannot read IP mode file for STMicroelectronics.X-CUBE-AZRTOS-G0.1.1.0
2024-01-18 14:01:53,224 [WARN] PackLoader:240 - Cannot read IP mode file for STMicroelectronics.X-CUBE-NFC4.3.0.0
2024-01-18 14:01:53,231 [WARN] PackLoader:240 - Cannot read IP mode file for STMicroelectronics.FP-ATR-SIGFOX1.3.2.0
2024-01-18 14:01:53,254 [WARN] PackLoader:240 - Cannot read IP mode file for SEGGER.I-CUBE-embOS.1.3.1
2024-01-18 14:01:53,276 [WARN] PackLoader:240 - Cannot read IP mode file for STMicroelectronics.X-CUBE-GNSS1.6.0.0
2024-01-18 14:01:53,291 [WARN] PackLoader:240 - Cannot read IP mode file for STMicroelectronics.X-CUBE-AZRTOS-F4.1.1.0
2024-01-18 14:01:53,298 [WARN] PackLoader:240 - Cannot read IP mode file for wolfSSL.I-CUBE-wolfSSL.5.6.6
2024-01-18 14:01:53,310 [WARN] PackLoader:240 - Cannot read IP mode file for STMicroelectronics.X-CUBE-AZRTOS-L5.2.0.0
2024-01-18 14:01:53,317 [WARN] PackLoader:240 - Cannot read IP mode file for ITTIA_DB.I-CUBE-ITTIADB.8.8.0
2024-01-18 14:01:53,324 [WARN] PackLoader:240 - Cannot read IP mode file for STMicroelectronics.X-CUBE-NFC7.1.0.1
2024-01-18 14:01:53,331 [WARN] PackLoader:240 - Cannot read IP mode file for STMicroelectronics.X-CUBE-NFC6.3.0.0
2024-01-18 14:01:53,339 [WARN] PackLoader:240 - Cannot read IP mode file for STMicroelectronics.X-CUBE-AI.8.1.0
2024-01-18 14:01:53,356 [WARN] ConditionMgr:438 - getConditionDescription Invalid condition id : LAN8742 Phy interface Condition cause : null
2024-01-18 14:01:53,356 [WARN] PackLoader:240 - Cannot read IP mode file for STMicroelectronics.X-CUBE-AZRTOS-L4.2.0.0
2024-01-18 14:01:53,357 [WARN] ConditionMgr:1039 - genDependencies : Invalid condition id : LAN8742 Phy interface Condition cause : null
2024-01-18 14:01:53,357 [WARN] ConditionMgr:1039 - genDependencies : Invalid condition id : LAN8742 Phy interface Condition cause : null
2024-01-18 14:01:53,357 [WARN] ConditionMgr:1039 - genDependencies : Invalid condition id : LAN8742 Phy interface Condition cause : null
2024-01-18 14:01:53,367 [WARN] PackLoader:240 - Cannot read IP mode file for STMicroelectronics.X-CUBE-SFXS2LP1.4.0.0
2024-01-18 14:01:53,374 [WARN] PackLoader:240 - Cannot read IP mode file for STMicroelectronics.X-CUBE-ISPU.1.1.0
2024-01-18 14:01:53,386 [WARN] ConditionMgr:438 - getConditionDescription Invalid condition id : UX DEVICE CLASS RTOS Condition cause : null
2024-01-18 14:01:53,386 [WARN] ConditionMgr:438 - getConditionDescription Invalid condition id : UX DEVICE CLASS RTOS Condition cause : null
2024-01-18 14:01:53,387 [WARN] PackLoader:240 - Cannot read IP mode file for STMicroelectronics.X-CUBE-AZRTOS-WB.2.0.0
2024-01-18 14:01:53,387 [WARN] ConditionMgr:1039 - genDependencies : Invalid condition id : UX DEVICE CLASS RTOS Condition cause : null
2024-01-18 14:01:53,387 [WARN] ConditionMgr:1039 - genDependencies : Invalid condition id : UX DEVICE CLASS RTOS Condition cause : null
2024-01-18 14:01:53,387 [WARN] ConditionMgr:1039 - genDependencies : Invalid condition id : UX DEVICE CLASS RTOS Condition cause : null
2024-01-18 14:01:53,387 [WARN] ConditionMgr:1039 - genDependencies : Invalid condition id : UX DEVICE CLASS RTOS Condition cause : null
2024-01-18 14:01:53,387 [WARN] ConditionMgr:1039 - genDependencies : Invalid condition id : UX DEVICE CLASS RTOS Condition cause : null
2024-01-18 14:01:53,397 [WARN] PackLoader:240 - Cannot read IP mode file for STMicroelectronics.X-CUBE-SUBG2.5.0.0
2024-01-18 14:01:53,410 [WARN] PackLoader:240 - Cannot read IP mode file for STMicroelectronics.X-CUBE-AZRTOS-G4.2.0.0
2024-01-18 14:01:53,422 [WARN] PackLoader:240 - Cannot read IP mode file for Infineon.AIROC-Wi-Fi-Bluetooth-STM32.1.5.1
2024-01-18 14:01:53,430 [WARN] PackLoader:240 - Cannot read IP mode file for STMicroelectronics.X-CUBE-ISPU.2.0.0
2024-01-18 14:01:53,437 [WARN] PackLoader:240 - Cannot read IP mode file for STMicroelectronics.X-CUBE-FREERTOS.1.1.0
2024-01-18 14:01:53,443 [WARN] PackLoader:240 - Cannot read IP mode file for portGmbH.I-Cube-SoM-uGOAL.1.1.0
2024-01-18 14:01:53,451 [WARN] PackLoader:240 - Cannot read IP mode file for STMicroelectronics.X-CUBE-ALS.1.0.1
2024-01-18 14:01:53,456 [WARN] PackLoader:240 - Cannot read IP mode file for STMicroelectronics.FP-ATR-ASTRA1.2.0.0
2024-01-18 14:01:53,465 [WARN] PackLoader:240 - Cannot read IP mode file for STMicroelectronics.X-CUBE-TOF1.3.4.0
2024-01-18 14:01:53,481 [WARN] PackLoader:240 - Cannot read IP mode file for STMicroelectronics.X-CUBE-AZRTOS-H7.3.2.0
2024-01-18 14:01:53,482 [INFO] ThirdParty:978 - Integrity check success = true
2024-01-18 14:01:53,482 [INFO] IntegrityCheckThread:100 - exiting critical section [integrity check]
2024-01-18 14:01:53,482 [INFO] IntegrityCheckThread:103 - End integrity checks thread
2024-01-18 14:02:11,189 [ERROR] LogOutputStream:75 - [STDERR_REDIRECT] SLF4J: Failed to load class "org.slf4j.impl.StaticLoggerBinder".
2024-01-18 14:02:11,189 [ERROR] LogOutputStream:75 - [STDERR_REDIRECT] SLF4J: Defaulting to no-operation (NOP) logger implementation
2024-01-18 14:02:11,190 [ERROR] LogOutputStream:75 - [STDERR_REDIRECT] SLF4J: See http://www.slf4j.org/codes.html#StaticLoggerBinder for further details.
2024-01-18 14:02:48,531 [INFO] LogOutputStream:77 - [STDOUT_REDIRECT] Unexpected error loading extension: org.eclipse.equinox.p2.metadata.repository.compositeRepository
2024-01-18 14:02:48,533 [ERROR] LogOutputStream:75 - [STDERR_REDIRECT] java.lang.NullPointerException: Cannot enter synchronized block because "this.browseFileTransferProtocolMap" is null
2024-01-18 14:02:48,535 [ERROR] LogOutputStream:75 - [STDERR_REDIRECT] 	at org.eclipse.ecf.internal.provider.filetransfer.Activator.getBrowseFileTransfer(Activator.java:633)
2024-01-18 14:02:48,538 [ERROR] LogOutputStream:75 - [STDERR_REDIRECT] 	at org.eclipse.ecf.provider.filetransfer.browse.MultiProtocolFileSystemBrowserAdapter.sendBrowseRequest(MultiProtocolFileSystemBrowserAdapter.java:81)
2024-01-18 14:02:48,539 [ERROR] LogOutputStream:75 - [STDERR_REDIRECT] 	at org.eclipse.equinox.internal.p2.transport.ecf.FileInfoReader.sendBrowseRequest(FileInfoReader.java:184)
2024-01-18 14:02:48,540 [ERROR] LogOutputStream:75 - [STDERR_REDIRECT] 	at org.eclipse.equinox.internal.p2.transport.ecf.FileInfoReader.getRemoteFiles(FileInfoReader.java:109)
2024-01-18 14:02:48,542 [ERROR] LogOutputStream:75 - [STDERR_REDIRECT] 	at org.eclipse.equinox.internal.p2.transport.ecf.FileInfoReader.getRemoteFile(FileInfoReader.java:125)
2024-01-18 14:02:48,543 [ERROR] LogOutputStream:75 - [STDERR_REDIRECT] 	at org.eclipse.equinox.internal.p2.transport.ecf.FileInfoReader.getLastModified(FileInfoReader.java:130)
2024-01-18 14:02:48,545 [ERROR] LogOutputStream:75 - [STDERR_REDIRECT] 	at org.eclipse.equinox.internal.p2.transport.ecf.RepositoryTransport.getLastModified(RepositoryTransport.java:244)
2024-01-18 14:02:48,546 [ERROR] LogOutputStream:75 - [STDERR_REDIRECT] 	at org.eclipse.equinox.internal.p2.repository.CacheManager.getLastModified(CacheManager.java:289)
2024-01-18 14:02:48,547 [ERROR] LogOutputStream:75 - [STDERR_REDIRECT] 	at org.eclipse.equinox.internal.p2.repository.CacheManager.createCache(CacheManager.java:234)
2024-01-18 14:02:48,549 [ERROR] LogOutputStream:75 - [STDERR_REDIRECT] 	at org.eclipse.equinox.internal.p2.metadata.repository.CompositeMetadataRepositoryFactory.getLocalFile(CompositeMetadataRepositoryFactory.java:77)
2024-01-18 14:02:48,550 [ERROR] LogOutputStream:75 - [STDERR_REDIRECT] 	at org.eclipse.equinox.internal.p2.metadata.repository.CompositeMetadataRepositoryFactory.load(CompositeMetadataRepositoryFactory.java:100)
2024-01-18 14:02:48,552 [ERROR] LogOutputStream:75 - [STDERR_REDIRECT] 	at org.eclipse.equinox.internal.p2.metadata.repository.MetadataRepositoryManager.factoryLoad(MetadataRepositoryManager.java:63)
2024-01-18 14:02:48,554 [ERROR] LogOutputStream:75 - [STDERR_REDIRECT] 	at org.eclipse.equinox.internal.p2.repository.helpers.AbstractRepositoryManager.loadRepository(AbstractRepositoryManager.java:787)
2024-01-18 14:02:48,556 [ERROR] LogOutputStream:75 - [STDERR_REDIRECT] 	at org.eclipse.equinox.internal.p2.repository.helpers.AbstractRepositoryManager.loadRepository(AbstractRepositoryManager.java:685)
2024-01-18 14:03:37,798 [INFO] Activator:176 - 


2024-01-18 14:03:37,799 [INFO] Activator:177 - !SESSION log4j initialized
2024-01-18 14:03:40,361 [INFO] LogOutputStream:77 - [STDOUT_REDIRECT] 
2024-01-18 14:03:40,890 [INFO] ApplicationProperties:184 - Using Application install path: C:\Program Files\STMicroelectronics\STM32CubeIDE_1.13.2\STM32CubeIDE\plugins\com.st.stm32cube.common.mx_6.9.2.202309101412
2024-01-18 14:03:40,898 [INFO] DbMcusXml:78 - Set database path to: C:\Program Files\STMicroelectronics\STM32CubeIDE_1.13.2\STM32CubeIDE\plugins\com.st.stm32cube.common.mx_6.9.2.202309101412\\db\/mcu/
2024-01-18 14:03:40,898 [INFO] ApiDb:274 - Set plugin database path to: C:\Program Files\STMicroelectronics\STM32CubeIDE_1.13.2\STM32CubeIDE\plugins\com.st.stm32cube.common.mx_6.9.2.202309101412\\db\/plugins/boardmanager/
2024-01-18 14:03:40,899 [WARN] ApiDb:259 - Overriding images path with different value:  => C:\Program Files\STMicroelectronics\STM32CubeIDE_1.13.2\STM32CubeIDE\plugins\com.st.stm32cube.common.mx_6.9.2.202309101412\\db\/plugins/mcufinder/images/
2024-01-18 14:03:40,903 [INFO] ApiDb:250 - Set database path to: C:\Users\JJohn\.stmcufinder\plugins\mcufinder//mcu/
2024-01-18 14:03:40,903 [INFO] DbMcusAds:125 - Set database path to: C:\Users\JJohn\.stmcufinder\plugins\mcufinder//mcu/
2024-01-18 14:03:40,905 [INFO] CrossReferenceDbSqlite:203 - Set database path to: C:\Users\JJohn\.stmcufinder\plugins\mcufinder//mcu/cs/
2024-01-18 14:03:40,961 [INFO] RulesReader:64 - Compatibility file has been processed (293 Rules)
2024-01-18 14:03:41,008 [INFO] DbMcusXml:78 - Set database path to: C:\Program Files\STMicroelectronics\STM32CubeIDE_1.13.2\STM32CubeIDE\plugins\com.st.stm32cube.common.mx_6.9.2.202309101412\\db\/mcu/
2024-01-18 14:03:41,008 [INFO] ApiDb:274 - Set plugin database path to: C:\Program Files\STMicroelectronics\STM32CubeIDE_1.13.2\STM32CubeIDE\plugins\com.st.stm32cube.common.mx_6.9.2.202309101412\\db\/plugins/boardmanager/
2024-01-18 14:03:41,008 [INFO] ApiDb:261 - Set plugin images path to: C:\Program Files\STMicroelectronics\STM32CubeIDE_1.13.2\STM32CubeIDE\plugins\com.st.stm32cube.common.mx_6.9.2.202309101412\\db\/plugins/mcufinder/images/
2024-01-18 14:03:41,008 [WARN] DbFile:41 - Overriding database path with different value: C:\Users\JJohn\.stmcufinder\plugins\mcufinder/ => C:\Users\JJohn\.stmcufinder\plugins\mcufinder
2024-01-18 14:03:41,008 [INFO] ApiDb:250 - Set database path to: C:\Users\JJohn\.stmcufinder\plugins\mcufinder//mcu/
2024-01-18 14:03:41,008 [WARN] DbFile:41 - Overriding database path with different value: C:\Users\JJohn\.stmcufinder\plugins\mcufinder/ => C:\Users\JJohn\.stmcufinder\plugins\mcufinder
2024-01-18 14:03:41,008 [INFO] DbMcusAds:125 - Set database path to: C:\Users\JJohn\.stmcufinder\plugins\mcufinder//mcu/
2024-01-18 14:03:41,009 [WARN] DbFile:41 - Overriding database path with different value: C:\Users\JJohn\.stmcufinder\plugins\mcufinder/ => C:\Users\JJohn\.stmcufinder\plugins\mcufinder
2024-01-18 14:03:41,009 [WARN] DbFile:41 - Overriding database path with different value: C:\Users\JJohn\.stmcufinder\plugins\mcufinder/ => C:\Users\JJohn\.stmcufinder\plugins\mcufinder
2024-01-18 14:03:41,009 [INFO] CrossReferenceDbSqlite:203 - Set database path to: C:\Users\JJohn\.stmcufinder\plugins\mcufinder//mcu/cs/
2024-01-18 14:03:41,044 [INFO] MainPanel:262 - HeapMemory: 268435456
2024-01-18 14:03:41,072 [INFO] DbMcusXml:78 - Set database path to: C:\Program Files\STMicroelectronics\STM32CubeIDE_1.13.2\STM32CubeIDE\plugins\com.st.stm32cube.common.mx_6.9.2.202309101412\\db\/mcu/
2024-01-18 14:03:41,072 [INFO] ApiDb:274 - Set plugin database path to: C:\Program Files\STMicroelectronics\STM32CubeIDE_1.13.2\STM32CubeIDE\plugins\com.st.stm32cube.common.mx_6.9.2.202309101412\\db\/plugins/boardmanager/
2024-01-18 14:03:41,072 [INFO] ApiDb:261 - Set plugin images path to: C:\Program Files\STMicroelectronics\STM32CubeIDE_1.13.2\STM32CubeIDE\plugins\com.st.stm32cube.common.mx_6.9.2.202309101412\\db\/plugins/mcufinder/images/
2024-01-18 14:03:41,073 [WARN] DbFile:41 - Overriding database path with different value: C:\Users\JJohn\.stmcufinder\plugins\mcufinder/ => C:\Users\JJohn\.stmcufinder\plugins\mcufinder
2024-01-18 14:03:41,073 [INFO] ApiDb:250 - Set database path to: C:\Users\JJohn\.stmcufinder\plugins\mcufinder//mcu/
2024-01-18 14:03:41,073 [WARN] DbFile:41 - Overriding database path with different value: C:\Users\JJohn\.stmcufinder\plugins\mcufinder/ => C:\Users\JJohn\.stmcufinder\plugins\mcufinder
2024-01-18 14:03:41,073 [INFO] DbMcusAds:125 - Set database path to: C:\Users\JJohn\.stmcufinder\plugins\mcufinder//mcu/
2024-01-18 14:03:41,073 [WARN] DbFile:41 - Overriding database path with different value: C:\Users\JJohn\.stmcufinder\plugins\mcufinder/ => C:\Users\JJohn\.stmcufinder\plugins\mcufinder
2024-01-18 14:03:41,073 [WARN] DbFile:41 - Overriding database path with different value: C:\Users\JJohn\.stmcufinder\plugins\mcufinder/ => C:\Users\JJohn\.stmcufinder\plugins\mcufinder
2024-01-18 14:03:41,073 [INFO] CrossReferenceDbSqlite:203 - Set database path to: C:\Users\JJohn\.stmcufinder\plugins\mcufinder//mcu/cs/
2024-01-18 14:03:41,080 [INFO] ApplicationProperties:184 - Using Application install path: C:\Program Files\STMicroelectronics\STM32CubeIDE_1.13.2\STM32CubeIDE\plugins\com.st.stm32cube.common.mx_6.9.2.202309101412
2024-01-18 14:03:41,081 [INFO] PluginManage:196 - Search for loadable plugins [exclusion list=, ]
2024-01-18 14:03:41,082 [INFO] PluginManage:310 - Check plugin analytics
2024-01-18 14:03:41,144 [INFO] AnalyticsPlugin:253 - Accepted Software Licenses: STM32CubeMX.6.9.2
2024-01-18 14:03:41,144 [INFO] AnalyticsPlugin:255 - Accepted CMSIS Pack Licenses: 
2024-01-18 14:03:41,144 [INFO] AnalyticsPlugin:257 - Accepted Firmware Licenses: FW.F4.1.27.0,FW.F4.1.28.0,FW.F7.1.17.0
2024-01-18 14:03:41,146 [INFO] PluginManage:359 - Loaded plugin analytics (category:tool,tabindex:-1)
2024-01-18 14:03:41,147 [INFO] PluginManage:310 - Check plugin cadmodel
2024-01-18 14:03:41,149 [INFO] CADModel:105 - Init CAD model plugin
2024-01-18 14:03:41,149 [INFO] PluginManage:359 - Loaded plugin cadmodel (category:power,tabindex:5)
2024-01-18 14:03:41,149 [INFO] PluginManage:310 - Check plugin clock
2024-01-18 14:03:41,154 [INFO] PluginManage:359 - Loaded plugin clock (category:base,tabindex:2)
2024-01-18 14:03:41,154 [INFO] PluginManage:310 - Check plugin ddr
2024-01-18 14:03:41,157 [INFO] PluginManage:359 - Loaded plugin ddr (category:tool,tabindex:6)
2024-01-18 14:03:41,157 [INFO] PluginManage:310 - Check plugin filemanager
2024-01-18 14:03:41,219 [INFO] PluginManage:359 - Loaded plugin filemanager (category:base,tabindex:10)
2024-01-18 14:03:41,219 [INFO] PluginManage:310 - Check plugin ipmanager
2024-01-18 14:03:41,223 [INFO] PluginManage:359 - Loaded plugin ipmanager (category:base,tabindex:5)
2024-01-18 14:03:41,223 [INFO] PluginManage:310 - Check plugin lpbam
2024-01-18 14:03:41,226 [INFO] PluginManage:359 - Loaded plugin lpbam (category:base,tabindex:0)
2024-01-18 14:03:41,226 [INFO] PluginManage:310 - Check plugin memorymap
2024-01-18 14:03:41,232 [INFO] PluginManage:359 - Loaded plugin memorymap (category:base,tabindex:4)
2024-01-18 14:03:41,232 [INFO] PluginManage:310 - Check plugin pinoutandconfiguration
2024-01-18 14:03:41,235 [INFO] PluginManage:359 - Loaded plugin pinoutandconfiguration (category:base,tabindex:1)
2024-01-18 14:03:41,235 [INFO] PluginManage:310 - Check plugin pinoutconfig
2024-01-18 14:03:41,275 [WARN] SupportedApi:132 - Cannot load RTOS API schema: s4s-elt-must-match.1: The content of 'definitions' must match (annotation?, (simpleType | complexType)?, (unique | key | keyref)*)). A problem was found starting at: attribute.
2024-01-18 14:03:41,337 [INFO] PluginManage:359 - Loaded plugin pinoutconfig (category:base,tabindex:0)
2024-01-18 14:03:41,337 [INFO] PluginManage:310 - Check plugin power
2024-01-18 14:03:41,342 [INFO] PluginManage:359 - Loaded plugin power (category:power,tabindex:4)
2024-01-18 14:03:41,342 [INFO] PluginManage:310 - Check plugin projectmanager
2024-01-18 14:03:41,350 [INFO] PluginManage:359 - Loaded plugin projectmanager (category:projectmanager,tabindex:3)
2024-01-18 14:03:41,350 [INFO] PluginManage:310 - Check plugin thirdparty
2024-01-18 14:03:41,407 [INFO] PluginManage:359 - Loaded plugin thirdparty (category:base,tabindex:-1)
2024-01-18 14:03:41,407 [WARN] IntegrityCheckThread:84 - waiting for thirdparty lock release [integrity check]
2024-01-18 14:03:41,407 [INFO] IntegrityCheckThread:86 - entering critical section [integrity check]
2024-01-18 14:03:41,407 [INFO] PluginManage:310 - Check plugin tools
2024-01-18 14:03:41,407 [INFO] ThirdPartyUpdaterWithRetryManager:70 - Updater plugin not ready yet. [1/15]
2024-01-18 14:03:41,408 [INFO] PluginManage:359 - Loaded plugin tools (category:base,tabindex:7)
2024-01-18 14:03:41,409 [INFO] PluginManage:310 - Check plugin tutovideos
2024-01-18 14:03:41,488 [INFO] PluginManage:359 - Loaded plugin tutovideos (category:base,tabindex:-1)
2024-01-18 14:03:41,488 [INFO] PluginManage:310 - Check plugin updater
2024-01-18 14:03:41,493 [INFO] PluginManage:359 - Loaded plugin updater (category:base,tabindex:12)
2024-01-18 14:03:41,494 [INFO] PluginManage:310 - Check plugin userauth
2024-01-18 14:03:41,497 [INFO] UserAuth:113 - Init User Auth plugin
2024-01-18 14:03:41,497 [INFO] PluginManage:359 - Loaded plugin userauth (category:base,tabindex:14)
2024-01-18 14:03:41,497 [INFO] PluginManage:283 - PluginManage : Loaded plugins [17]
2024-01-18 14:03:41,599 [INFO] PinOutPanel:1499 - setPackage(No Configuration,No Configuration)
2024-01-18 14:03:41,653 [INFO] CADModel:165 - CPN selected for project level
2024-01-18 14:03:41,653 [INFO] CADModel:114 - Register for checkConnection events
2024-01-18 14:03:41,662 [INFO] IPUIPlugin:80 - create IPUIPlugin
2024-01-18 14:03:41,662 [INFO] PluginManager:220 - loadIPPluginJar : add adc
2024-01-18 14:03:41,663 [INFO] IPUIPlugin:80 - create IPUIPlugin
2024-01-18 14:03:41,663 [INFO] PluginManager:220 - loadIPPluginJar : add aes
2024-01-18 14:03:41,664 [INFO] IPUIPlugin:80 - create IPUIPlugin
2024-01-18 14:03:41,664 [INFO] PluginManager:220 - loadIPPluginJar : add can
2024-01-18 14:03:41,665 [INFO] IPUIPlugin:80 - create IPUIPlugin
2024-01-18 14:03:41,665 [INFO] PluginManager:220 - loadIPPluginJar : add comp
2024-01-18 14:03:41,666 [INFO] IPUIPlugin:80 - create IPUIPlugin
2024-01-18 14:03:41,666 [INFO] PluginManager:220 - loadIPPluginJar : add cryp
2024-01-18 14:03:41,667 [INFO] IPUIPlugin:80 - create IPUIPlugin
2024-01-18 14:03:41,667 [INFO] PluginManager:220 - loadIPPluginJar : add dfsdm
2024-01-18 14:03:41,670 [INFO] IPUIPlugin:80 - create IPUIPlugin
2024-01-18 14:03:41,670 [INFO] PluginManager:220 - loadIPPluginJar : add dma
2024-01-18 14:03:41,671 [INFO] IPUIPlugin:80 - create IPUIPlugin
2024-01-18 14:03:41,671 [INFO] PluginManager:220 - loadIPPluginJar : add dma3
2024-01-18 14:03:41,672 [INFO] IPUIPlugin:80 - create IPUIPlugin
2024-01-18 14:03:41,672 [INFO] PluginManager:220 - loadIPPluginJar : add fatfs
2024-01-18 14:03:41,674 [INFO] IPUIPlugin:80 - create IPUIPlugin
2024-01-18 14:03:41,674 [INFO] PluginManager:220 - loadIPPluginJar : add fmc
2024-01-18 14:03:41,677 [INFO] IPUIPlugin:80 - create IPUIPlugin
2024-01-18 14:03:41,677 [INFO] PluginManager:220 - loadIPPluginJar : add freertos
2024-01-18 14:03:41,677 [INFO] IPUIPlugin:80 - create IPUIPlugin
2024-01-18 14:03:41,677 [INFO] PluginManager:220 - loadIPPluginJar : add genericplugin
2024-01-18 14:03:41,678 [INFO] IPUIPlugin:80 - create IPUIPlugin
2024-01-18 14:03:41,678 [INFO] PluginManager:220 - loadIPPluginJar : add gfxmmu
2024-01-18 14:03:41,680 [INFO] IPUIPlugin:80 - create IPUIPlugin
2024-01-18 14:03:41,680 [INFO] PluginManager:220 - loadIPPluginJar : add gic
2024-01-18 14:03:41,682 [INFO] IPUIPlugin:80 - create IPUIPlugin
2024-01-18 14:03:41,682 [INFO] PluginManager:220 - loadIPPluginJar : add gpio
2024-01-18 14:03:41,683 [INFO] IPUIPlugin:80 - create IPUIPlugin
2024-01-18 14:03:41,684 [INFO] PluginManager:220 - loadIPPluginJar : add gtzc
2024-01-18 14:03:41,684 [INFO] IPUIPlugin:80 - create IPUIPlugin
2024-01-18 14:03:41,684 [INFO] PluginManager:220 - loadIPPluginJar : add hash
2024-01-18 14:03:41,685 [INFO] IPUIPlugin:80 - create IPUIPlugin
2024-01-18 14:03:41,686 [INFO] PluginManager:220 - loadIPPluginJar : add i2c
2024-01-18 14:03:41,686 [INFO] IPUIPlugin:80 - create IPUIPlugin
2024-01-18 14:03:41,686 [INFO] PluginManager:220 - loadIPPluginJar : add i2s
2024-01-18 14:03:41,687 [INFO] IPUIPlugin:80 - create IPUIPlugin
2024-01-18 14:03:41,687 [INFO] PluginManager:220 - loadIPPluginJar : add i3c
2024-01-18 14:03:41,688 [INFO] IPUIPlugin:80 - create IPUIPlugin
2024-01-18 14:03:41,688 [INFO] PluginManager:220 - loadIPPluginJar : add ipddr
2024-01-18 14:03:41,692 [INFO] IPUIPlugin:80 - create IPUIPlugin
2024-01-18 14:03:41,692 [INFO] PluginManager:220 - loadIPPluginJar : add linkedlist
2024-01-18 14:03:41,694 [INFO] IPUIPlugin:80 - create IPUIPlugin
2024-01-18 14:03:41,694 [INFO] PluginManager:220 - loadIPPluginJar : add lorawan
2024-01-18 14:03:41,694 [INFO] IPUIPlugin:80 - create IPUIPlugin
2024-01-18 14:03:41,694 [INFO] PluginManager:220 - loadIPPluginJar : add ltdc
2024-01-18 14:03:41,697 [INFO] IPUIPlugin:80 - create IPUIPlugin
2024-01-18 14:03:41,697 [INFO] PluginManager:220 - loadIPPluginJar : add mdma
2024-01-18 14:03:41,699 [INFO] IPUIPlugin:80 - create IPUIPlugin
2024-01-18 14:03:41,699 [INFO] PluginManager:220 - loadIPPluginJar : add nvic
2024-01-18 14:03:41,700 [INFO] IPUIPlugin:80 - create IPUIPlugin
2024-01-18 14:03:41,700 [INFO] PluginManager:220 - loadIPPluginJar : add opamp
2024-01-18 14:03:41,701 [INFO] IPUIPlugin:80 - create IPUIPlugin
2024-01-18 14:03:41,701 [INFO] PluginManager:220 - loadIPPluginJar : add openamp
2024-01-18 14:03:41,702 [INFO] IPUIPlugin:80 - create IPUIPlugin
2024-01-18 14:03:41,703 [INFO] PluginManager:220 - loadIPPluginJar : add pdm2pcm
2024-01-18 14:03:41,705 [INFO] IPUIPlugin:80 - create IPUIPlugin
2024-01-18 14:03:41,706 [INFO] PluginManager:220 - loadIPPluginJar : add plateformsettings
2024-01-18 14:03:41,707 [INFO] IPUIPlugin:80 - create IPUIPlugin
2024-01-18 14:03:41,707 [INFO] PluginManager:220 - loadIPPluginJar : add quadspi
2024-01-18 14:03:41,708 [INFO] IPUIPlugin:80 - create IPUIPlugin
2024-01-18 14:03:41,708 [INFO] PluginManager:220 - loadIPPluginJar : add resmgrutility
2024-01-18 14:03:41,709 [INFO] IPUIPlugin:80 - create IPUIPlugin
2024-01-18 14:03:41,710 [INFO] PluginManager:220 - loadIPPluginJar : add sai
2024-01-18 14:03:41,710 [INFO] IPUIPlugin:80 - create IPUIPlugin
2024-01-18 14:03:41,710 [INFO] PluginManager:220 - loadIPPluginJar : add spi
2024-01-18 14:03:41,713 [INFO] IPUIPlugin:80 - create IPUIPlugin
2024-01-18 14:03:41,713 [INFO] PluginManager:220 - loadIPPluginJar : add stm32_wpan
2024-01-18 14:03:41,713 [INFO] IPUIPlugin:80 - create IPUIPlugin
2024-01-18 14:03:41,713 [INFO] PluginManager:220 - loadIPPluginJar : add tim
2024-01-18 14:03:41,714 [INFO] IPUIPlugin:80 - create IPUIPlugin
2024-01-18 14:03:41,714 [INFO] PluginManager:220 - loadIPPluginJar : add touchsensing
2024-01-18 14:03:41,716 [INFO] IPUIPlugin:80 - create IPUIPlugin
2024-01-18 14:03:41,716 [INFO] PluginManager:220 - loadIPPluginJar : add tracer_emb
2024-01-18 14:03:41,717 [INFO] IPUIPlugin:80 - create IPUIPlugin
2024-01-18 14:03:41,717 [INFO] PluginManager:220 - loadIPPluginJar : add ts
2024-01-18 14:03:41,717 [INFO] IPUIPlugin:80 - create IPUIPlugin
2024-01-18 14:03:41,718 [INFO] PluginManager:220 - loadIPPluginJar : add tsc
2024-01-18 14:03:41,718 [INFO] IPUIPlugin:80 - create IPUIPlugin
2024-01-18 14:03:41,718 [INFO] PluginManager:220 - loadIPPluginJar : add ucpd
2024-01-18 14:03:41,719 [INFO] IPUIPlugin:80 - create IPUIPlugin
2024-01-18 14:03:41,719 [INFO] PluginManager:220 - loadIPPluginJar : add usart
2024-01-18 14:03:41,720 [INFO] IPUIPlugin:80 - create IPUIPlugin
2024-01-18 14:03:41,720 [INFO] PluginManager:220 - loadIPPluginJar : add usbx
2024-01-18 14:03:41,813 [INFO] CADModel:165 - CPN selected for project level
2024-01-18 14:03:41,813 [INFO] CADModel:114 - Register for checkConnection events
2024-01-18 14:03:41,813 [FATAL] Updater:308 - Updater called before beeing initialized
2024-01-18 14:03:41,813 [ERROR] CADModel:125 - Updater not yet initialized, retry later 
2024-01-18 14:03:41,870 [INFO] CADModel:165 - CPN selected for project level
2024-01-18 14:03:41,870 [INFO] CADModel:114 - Register for checkConnection events
2024-01-18 14:03:41,870 [FATAL] Updater:308 - Updater called before beeing initialized
2024-01-18 14:03:41,870 [ERROR] CADModel:125 - Updater not yet initialized, retry later 
2024-01-18 14:03:41,872 [FATAL] Updater:308 - Updater called before beeing initialized
2024-01-18 14:03:41,916 [FATAL] Updater:308 - Updater called before beeing initialized
2024-01-18 14:03:41,919 [INFO] DbMcusAds:53 - JSON generation date=Wed Nov 29 02:52:27 PST 2023 (1701255147349)
2024-01-18 14:03:41,919 [FATAL] Updater:308 - Updater called before beeing initialized
2024-01-18 14:03:41,936 [WARN] DetailPanel:346 - Failed to get advertising image, set to default
2024-01-18 14:03:41,995 [FATAL] Updater:308 - Updater called before beeing initialized
2024-01-18 14:03:41,996 [FATAL] Updater:308 - Updater called before beeing initialized
2024-01-18 14:03:41,996 [FATAL] Updater:308 - Updater called before beeing initialized
2024-01-18 14:03:41,996 [WARN] DetailPanel:346 - Failed to get advertising image, set to default
2024-01-18 14:03:41,997 [FATAL] Updater:308 - Updater called before beeing initialized
2024-01-18 14:03:42,015 [ERROR] Updater:1120 - MainUpdater not yet initialized. External WinMGr cannot be set.
2024-01-18 14:03:42,016 [INFO] Updater:1056 - Updater Version found : 6.9.2
2024-01-18 14:03:42,024 [INFO] ApplicationProperties:184 - Using Application install path: C:\Program Files\STMicroelectronics\STM32CubeIDE_1.13.2\STM32CubeIDE\plugins\com.st.stm32cube.common.mx_6.9.2.202309101412
2024-01-18 14:03:42,176 [INFO] MainUpdater:2868 - connection check result : 10
2024-01-18 14:03:42,177 [INFO] MainUpdater:285 - Updater Check For Update Now.
2024-01-18 14:03:42,177 [INFO] MicroXplorer:498 - Change Database Version : DB.6.0.92
2024-01-18 14:03:42,180 [INFO] McuFinderGlobals:63 - Set McuFinder mode to 2 (CubeIDE integrated)
2024-01-18 14:03:42,323 [INFO] CheckServerUpdateThread:120 - End of CheckServer Thread
2024-01-18 14:03:44,464 [WARN] PackLoader:240 - Cannot read IP mode file for STMicroelectronics.X-CUBE-SMBUS.2.1.0
2024-01-18 14:03:44,467 [WARN] PackLoader:240 - Cannot read IP mode file for STMicroelectronics.X-CUBE-TOUCHGFX.4.23.0
2024-01-18 14:03:44,479 [WARN] PackLoader:240 - Cannot read IP mode file for STMicroelectronics.X-CUBE-AZRTOS-F7.1.1.0
2024-01-18 14:03:44,485 [WARN] PackLoader:240 - Cannot read IP mode file for STMicroelectronics.FP-SNS-MOTENV1.4.3.2
2024-01-18 14:03:44,490 [WARN] PackLoader:240 - Cannot read IP mode file for STMicroelectronics.FP-SNS-FLIGHT1.5.0.2
2024-01-18 14:03:44,494 [WARN] PackLoader:240 - Cannot read IP mode file for STMicroelectronics.X-CUBE-DISPLAY.3.0.0
2024-01-18 14:03:44,501 [WARN] PackLoader:240 - Cannot read IP mode file for STMicroelectronics.X-CUBE-BLE1.7.0.0
2024-01-18 14:03:44,505 [WARN] PackLoader:240 - Cannot read IP mode file for emotas.I-CUBE-CANOPEN.1.3.0
2024-01-18 14:03:44,511 [INFO] LogOutputStream:77 - [STDOUT_REDIRECT] 1 : Invalid condition id : UX_CORESTACK_Condition cause : null
2024-01-18 14:03:44,512 [INFO] LogOutputStream:77 - [STDOUT_REDIRECT] 1 : Invalid condition id : UX_CORESTACK_Condition cause : null
2024-01-18 14:03:44,512 [INFO] LogOutputStream:77 - [STDOUT_REDIRECT] 1 : Invalid condition id : UX_CORESTACK_Condition cause : null
2024-01-18 14:03:44,513 [INFO] LogOutputStream:77 - [STDOUT_REDIRECT] 1 : Invalid condition id : UX_CORESTACK_Condition cause : null
2024-01-18 14:03:44,514 [INFO] LogOutputStream:77 - [STDOUT_REDIRECT] 1 : Invalid condition id : UX_CORESTACK_Condition cause : null
2024-01-18 14:03:44,516 [WARN] PackLoader:240 - Cannot read IP mode file for STMicroelectronics.X-CUBE-AZRTOS-WL.2.0.0
2024-01-18 14:03:44,522 [WARN] PackLoader:240 - Cannot read IP mode file for WES.I-CUBE-Cesium.1.3.0
2024-01-18 14:03:44,524 [WARN] PackLoader:240 - Cannot read IP mode file for STMicroelectronics.X-CUBE-BLE2.3.3.0
2024-01-18 14:03:44,527 [WARN] PackLoader:240 - Cannot read IP mode file for STMicroelectronics.X-CUBE-ALGOBUILD.1.3.0
2024-01-18 14:03:44,536 [WARN] PackLoader:240 - Cannot read IP mode file for STMicroelectronics.X-CUBE-AZRTOS-G0.1.1.0
2024-01-18 14:03:44,539 [WARN] PackLoader:240 - Cannot read IP mode file for STMicroelectronics.X-CUBE-NFC4.3.0.0
2024-01-18 14:03:44,541 [WARN] PackLoader:240 - Cannot read IP mode file for STMicroelectronics.FP-ATR-SIGFOX1.3.2.0
2024-01-18 14:03:44,560 [WARN] PackLoader:240 - Cannot read IP mode file for SEGGER.I-CUBE-embOS.1.3.1
2024-01-18 14:03:44,578 [WARN] PackLoader:240 - Cannot read IP mode file for STMicroelectronics.X-CUBE-GNSS1.6.0.0
2024-01-18 14:03:44,585 [WARN] PackLoader:240 - Cannot read IP mode file for STMicroelectronics.X-CUBE-AZRTOS-F4.1.1.0
2024-01-18 14:03:44,588 [WARN] PackLoader:240 - Cannot read IP mode file for wolfSSL.I-CUBE-wolfSSL.5.6.6
2024-01-18 14:03:44,595 [WARN] PackLoader:240 - Cannot read IP mode file for STMicroelectronics.X-CUBE-AZRTOS-L5.2.0.0
2024-01-18 14:03:44,597 [WARN] PackLoader:240 - Cannot read IP mode file for ITTIA_DB.I-CUBE-ITTIADB.8.8.0
2024-01-18 14:03:44,600 [WARN] PackLoader:240 - Cannot read IP mode file for STMicroelectronics.X-CUBE-NFC7.1.0.1
2024-01-18 14:03:44,603 [WARN] PackLoader:240 - Cannot read IP mode file for STMicroelectronics.X-CUBE-NFC6.3.0.0
2024-01-18 14:03:44,606 [WARN] PackLoader:240 - Cannot read IP mode file for STMicroelectronics.X-CUBE-AI.8.1.0
2024-01-18 14:03:44,613 [WARN] ConditionMgr:438 - getConditionDescription Invalid condition id : LAN8742 Phy interface Condition cause : null
2024-01-18 14:03:44,614 [WARN] PackLoader:240 - Cannot read IP mode file for STMicroelectronics.X-CUBE-AZRTOS-L4.2.0.0
2024-01-18 14:03:44,614 [WARN] ConditionMgr:1039 - genDependencies : Invalid condition id : LAN8742 Phy interface Condition cause : null
2024-01-18 14:03:44,614 [WARN] ConditionMgr:1039 - genDependencies : Invalid condition id : LAN8742 Phy interface Condition cause : null
2024-01-18 14:03:44,615 [WARN] ConditionMgr:1039 - genDependencies : Invalid condition id : LAN8742 Phy interface Condition cause : null
2024-01-18 14:03:44,617 [WARN] PackLoader:240 - Cannot read IP mode file for STMicroelectronics.X-CUBE-SFXS2LP1.4.0.0
2024-01-18 14:03:44,620 [WARN] PackLoader:240 - Cannot read IP mode file for STMicroelectronics.X-CUBE-ISPU.1.1.0
2024-01-18 14:03:44,624 [WARN] ConditionMgr:438 - getConditionDescription Invalid condition id : UX DEVICE CLASS RTOS Condition cause : null
2024-01-18 14:03:44,624 [WARN] ConditionMgr:438 - getConditionDescription Invalid condition id : UX DEVICE CLASS RTOS Condition cause : null
2024-01-18 14:03:44,626 [WARN] PackLoader:240 - Cannot read IP mode file for STMicroelectronics.X-CUBE-AZRTOS-WB.2.0.0
2024-01-18 14:03:44,626 [WARN] ConditionMgr:1039 - genDependencies : Invalid condition id : UX DEVICE CLASS RTOS Condition cause : null
2024-01-18 14:03:44,626 [WARN] ConditionMgr:1039 - genDependencies : Invalid condition id : UX DEVICE CLASS RTOS Condition cause : null
2024-01-18 14:03:44,626 [WARN] ConditionMgr:1039 - genDependencies : Invalid condition id : UX DEVICE CLASS RTOS Condition cause : null
2024-01-18 14:03:44,626 [WARN] ConditionMgr:1039 - genDependencies : Invalid condition id : UX DEVICE CLASS RTOS Condition cause : null
2024-01-18 14:03:44,626 [WARN] ConditionMgr:1039 - genDependencies : Invalid condition id : UX DEVICE CLASS RTOS Condition cause : null
2024-01-18 14:03:44,630 [WARN] PackLoader:240 - Cannot read IP mode file for STMicroelectronics.X-CUBE-SUBG2.5.0.0
2024-01-18 14:03:44,636 [WARN] PackLoader:240 - Cannot read IP mode file for STMicroelectronics.X-CUBE-AZRTOS-G4.2.0.0
2024-01-18 14:03:44,641 [WARN] PackLoader:240 - Cannot read IP mode file for Infineon.AIROC-Wi-Fi-Bluetooth-STM32.1.5.1
2024-01-18 14:03:44,647 [WARN] PackLoader:240 - Cannot read IP mode file for STMicroelectronics.X-CUBE-ISPU.2.0.0
2024-01-18 14:03:44,652 [WARN] PackLoader:240 - Cannot read IP mode file for STMicroelectronics.X-CUBE-FREERTOS.1.1.0
2024-01-18 14:03:44,656 [WARN] PackLoader:240 - Cannot read IP mode file for portGmbH.I-Cube-SoM-uGOAL.1.1.0
2024-01-18 14:03:44,659 [WARN] PackLoader:240 - Cannot read IP mode file for STMicroelectronics.X-CUBE-ALS.1.0.1
2024-01-18 14:03:44,670 [WARN] PackLoader:240 - Cannot read IP mode file for STMicroelectronics.FP-ATR-ASTRA1.2.0.0
2024-01-18 14:03:44,676 [WARN] PackLoader:240 - Cannot read IP mode file for STMicroelectronics.X-CUBE-TOF1.3.4.0
2024-01-18 14:03:44,689 [WARN] PackLoader:240 - Cannot read IP mode file for STMicroelectronics.X-CUBE-AZRTOS-H7.3.2.0
2024-01-18 14:03:44,691 [INFO] ThirdParty:978 - Integrity check success = true
2024-01-18 14:03:44,691 [INFO] IntegrityCheckThread:100 - exiting critical section [integrity check]
2024-01-18 14:03:44,691 [INFO] IntegrityCheckThread:103 - End integrity checks thread
