2024-03-14 10:12:20,762 [INFO] Activator:176 - 


2024-03-14 10:12:20,762 [INFO] Activator:177 - !SESSION log4j initialized
2024-03-14 10:12:22,086 [INFO] LogOutputStream:77 - [STDOUT_REDIRECT] 
2024-03-14 10:12:22,941 [INFO] ApplicationProperties:184 - Using Application install path: C:\Program Files\STMicroelectronics\STM32CubeIDE_1.13.2\STM32CubeIDE\plugins\com.st.stm32cube.common.mx_6.9.2.202309101412
2024-03-14 10:12:22,951 [INFO] DbMcusXml:78 - Set database path to: C:\Program Files\STMicroelectronics\STM32CubeIDE_1.13.2\STM32CubeIDE\plugins\com.st.stm32cube.common.mx_6.9.2.202309101412\\db\/mcu/
2024-03-14 10:12:22,951 [INFO] ApiDb:274 - Set plugin database path to: C:\Program Files\STMicroelectronics\STM32CubeIDE_1.13.2\STM32CubeIDE\plugins\com.st.stm32cube.common.mx_6.9.2.202309101412\\db\/plugins/boardmanager/
2024-03-14 10:12:22,951 [WARN] ApiDb:259 - Overriding images path with different value:  => C:\Program Files\STMicroelectronics\STM32CubeIDE_1.13.2\STM32CubeIDE\plugins\com.st.stm32cube.common.mx_6.9.2.202309101412\\db\/plugins/mcufinder/images/
2024-03-14 10:12:22,955 [INFO] ApiDb:250 - Set database path to: C:\Users\JJohn\.stmcufinder\plugins\mcufinder//mcu/
2024-03-14 10:12:22,956 [INFO] DbMcusAds:125 - Set database path to: C:\Users\JJohn\.stmcufinder\plugins\mcufinder//mcu/
2024-03-14 10:12:22,957 [INFO] CrossReferenceDbSqlite:203 - Set database path to: C:\Users\JJohn\.stmcufinder\plugins\mcufinder//mcu/cs/
2024-03-14 10:12:23,002 [INFO] RulesReader:64 - Compatibility file has been processed (293 Rules)
2024-03-14 10:12:23,041 [INFO] DbMcusXml:78 - Set database path to: C:\Program Files\STMicroelectronics\STM32CubeIDE_1.13.2\STM32CubeIDE\plugins\com.st.stm32cube.common.mx_6.9.2.202309101412\\db\/mcu/
2024-03-14 10:12:23,041 [INFO] ApiDb:274 - Set plugin database path to: C:\Program Files\STMicroelectronics\STM32CubeIDE_1.13.2\STM32CubeIDE\plugins\com.st.stm32cube.common.mx_6.9.2.202309101412\\db\/plugins/boardmanager/
2024-03-14 10:12:23,041 [INFO] ApiDb:261 - Set plugin images path to: C:\Program Files\STMicroelectronics\STM32CubeIDE_1.13.2\STM32CubeIDE\plugins\com.st.stm32cube.common.mx_6.9.2.202309101412\\db\/plugins/mcufinder/images/
2024-03-14 10:12:23,041 [WARN] DbFile:41 - Overriding database path with different value: C:\Users\JJohn\.stmcufinder\plugins\mcufinder/ => C:\Users\JJohn\.stmcufinder\plugins\mcufinder
2024-03-14 10:12:23,041 [INFO] ApiDb:250 - Set database path to: C:\Users\JJohn\.stmcufinder\plugins\mcufinder//mcu/
2024-03-14 10:12:23,041 [WARN] DbFile:41 - Overriding database path with different value: C:\Users\JJohn\.stmcufinder\plugins\mcufinder/ => C:\Users\JJohn\.stmcufinder\plugins\mcufinder
2024-03-14 10:12:23,041 [INFO] DbMcusAds:125 - Set database path to: C:\Users\JJohn\.stmcufinder\plugins\mcufinder//mcu/
2024-03-14 10:12:23,041 [WARN] DbFile:41 - Overriding database path with different value: C:\Users\JJohn\.stmcufinder\plugins\mcufinder/ => C:\Users\JJohn\.stmcufinder\plugins\mcufinder
2024-03-14 10:12:23,041 [WARN] DbFile:41 - Overriding database path with different value: C:\Users\JJohn\.stmcufinder\plugins\mcufinder/ => C:\Users\JJohn\.stmcufinder\plugins\mcufinder
2024-03-14 10:12:23,041 [INFO] CrossReferenceDbSqlite:203 - Set database path to: C:\Users\JJohn\.stmcufinder\plugins\mcufinder//mcu/cs/
2024-03-14 10:12:23,077 [INFO] MainPanel:262 - HeapMemory: 268435456
2024-03-14 10:12:23,113 [INFO] DbMcusXml:78 - Set database path to: C:\Program Files\STMicroelectronics\STM32CubeIDE_1.13.2\STM32CubeIDE\plugins\com.st.stm32cube.common.mx_6.9.2.202309101412\\db\/mcu/
2024-03-14 10:12:23,113 [INFO] ApiDb:274 - Set plugin database path to: C:\Program Files\STMicroelectronics\STM32CubeIDE_1.13.2\STM32CubeIDE\plugins\com.st.stm32cube.common.mx_6.9.2.202309101412\\db\/plugins/boardmanager/
2024-03-14 10:12:23,113 [INFO] ApiDb:261 - Set plugin images path to: C:\Program Files\STMicroelectronics\STM32CubeIDE_1.13.2\STM32CubeIDE\plugins\com.st.stm32cube.common.mx_6.9.2.202309101412\\db\/plugins/mcufinder/images/
2024-03-14 10:12:23,113 [WARN] DbFile:41 - Overriding database path with different value: C:\Users\JJohn\.stmcufinder\plugins\mcufinder/ => C:\Users\JJohn\.stmcufinder\plugins\mcufinder
2024-03-14 10:12:23,113 [INFO] ApiDb:250 - Set database path to: C:\Users\JJohn\.stmcufinder\plugins\mcufinder//mcu/
2024-03-14 10:12:23,113 [WARN] DbFile:41 - Overriding database path with different value: C:\Users\JJohn\.stmcufinder\plugins\mcufinder/ => C:\Users\JJohn\.stmcufinder\plugins\mcufinder
2024-03-14 10:12:23,113 [INFO] DbMcusAds:125 - Set database path to: C:\Users\JJohn\.stmcufinder\plugins\mcufinder//mcu/
2024-03-14 10:12:23,114 [WARN] DbFile:41 - Overriding database path with different value: C:\Users\JJohn\.stmcufinder\plugins\mcufinder/ => C:\Users\JJohn\.stmcufinder\plugins\mcufinder
2024-03-14 10:12:23,114 [WARN] DbFile:41 - Overriding database path with different value: C:\Users\JJohn\.stmcufinder\plugins\mcufinder/ => C:\Users\JJohn\.stmcufinder\plugins\mcufinder
2024-03-14 10:12:23,114 [INFO] CrossReferenceDbSqlite:203 - Set database path to: C:\Users\JJohn\.stmcufinder\plugins\mcufinder//mcu/cs/
2024-03-14 10:12:23,121 [INFO] ApplicationProperties:184 - Using Application install path: C:\Program Files\STMicroelectronics\STM32CubeIDE_1.13.2\STM32CubeIDE\plugins\com.st.stm32cube.common.mx_6.9.2.202309101412
2024-03-14 10:12:23,122 [INFO] PluginManage:196 - Search for loadable plugins [exclusion list=, ]
2024-03-14 10:12:23,123 [INFO] PluginManage:310 - Check plugin analytics
2024-03-14 10:12:23,186 [INFO] AnalyticsPlugin:253 - Accepted Software Licenses: 
2024-03-14 10:12:23,186 [INFO] AnalyticsPlugin:255 - Accepted CMSIS Pack Licenses: 
2024-03-14 10:12:23,186 [INFO] AnalyticsPlugin:257 - Accepted Firmware Licenses: 
2024-03-14 10:12:23,187 [INFO] PluginManage:359 - Loaded plugin analytics (category:tool,tabindex:-1)
2024-03-14 10:12:23,187 [INFO] PluginManage:310 - Check plugin cadmodel
2024-03-14 10:12:23,189 [INFO] CADModel:105 - Init CAD model plugin
2024-03-14 10:12:23,189 [INFO] PluginManage:359 - Loaded plugin cadmodel (category:power,tabindex:5)
2024-03-14 10:12:23,189 [INFO] PluginManage:310 - Check plugin clock
2024-03-14 10:12:23,193 [INFO] PluginManage:359 - Loaded plugin clock (category:base,tabindex:2)
2024-03-14 10:12:23,194 [INFO] PluginManage:310 - Check plugin ddr
2024-03-14 10:12:23,194 [INFO] PluginManage:359 - Loaded plugin ddr (category:tool,tabindex:6)
2024-03-14 10:12:23,194 [INFO] PluginManage:310 - Check plugin filemanager
2024-03-14 10:12:23,252 [INFO] PluginManage:359 - Loaded plugin filemanager (category:base,tabindex:10)
2024-03-14 10:12:23,252 [INFO] PluginManage:310 - Check plugin ipmanager
2024-03-14 10:12:23,256 [INFO] PluginManage:359 - Loaded plugin ipmanager (category:base,tabindex:5)
2024-03-14 10:12:23,256 [INFO] PluginManage:310 - Check plugin lpbam
2024-03-14 10:12:23,259 [INFO] PluginManage:359 - Loaded plugin lpbam (category:base,tabindex:0)
2024-03-14 10:12:23,259 [INFO] PluginManage:310 - Check plugin memorymap
2024-03-14 10:12:23,264 [INFO] PluginManage:359 - Loaded plugin memorymap (category:base,tabindex:4)
2024-03-14 10:12:23,264 [INFO] PluginManage:310 - Check plugin pinoutandconfiguration
2024-03-14 10:12:23,266 [INFO] PluginManage:359 - Loaded plugin pinoutandconfiguration (category:base,tabindex:1)
2024-03-14 10:12:23,266 [INFO] PluginManage:310 - Check plugin pinoutconfig
2024-03-14 10:12:23,315 [WARN] SupportedApi:132 - Cannot load RTOS API schema: s4s-elt-must-match.1: The content of 'definitions' must match (annotation?, (simpleType | complexType)?, (unique | key | keyref)*)). A problem was found starting at: attribute.
2024-03-14 10:12:23,366 [INFO] PluginManage:359 - Loaded plugin pinoutconfig (category:base,tabindex:0)
2024-03-14 10:12:23,366 [INFO] PluginManage:310 - Check plugin power
2024-03-14 10:12:23,369 [INFO] PluginManage:359 - Loaded plugin power (category:power,tabindex:4)
2024-03-14 10:12:23,370 [INFO] PluginManage:310 - Check plugin projectmanager
2024-03-14 10:12:23,375 [INFO] PluginManage:359 - Loaded plugin projectmanager (category:projectmanager,tabindex:3)
2024-03-14 10:12:23,375 [INFO] PluginManage:310 - Check plugin thirdparty
2024-03-14 10:12:23,429 [INFO] PluginManage:359 - Loaded plugin thirdparty (category:base,tabindex:-1)
2024-03-14 10:12:23,429 [INFO] PluginManage:310 - Check plugin tools
2024-03-14 10:12:23,429 [WARN] IntegrityCheckThread:84 - waiting for thirdparty lock release [integrity check]
2024-03-14 10:12:23,429 [INFO] IntegrityCheckThread:86 - entering critical section [integrity check]
2024-03-14 10:12:23,430 [INFO] ThirdPartyUpdaterWithRetryManager:70 - Updater plugin not ready yet. [1/15]
2024-03-14 10:12:23,431 [INFO] PluginManage:359 - Loaded plugin tools (category:base,tabindex:7)
2024-03-14 10:12:23,431 [INFO] PluginManage:310 - Check plugin tutovideos
2024-03-14 10:12:23,504 [INFO] PluginManage:359 - Loaded plugin tutovideos (category:base,tabindex:-1)
2024-03-14 10:12:23,504 [INFO] PluginManage:310 - Check plugin updater
2024-03-14 10:12:23,509 [INFO] PluginManage:359 - Loaded plugin updater (category:base,tabindex:12)
2024-03-14 10:12:23,509 [INFO] PluginManage:310 - Check plugin userauth
2024-03-14 10:12:23,512 [INFO] UserAuth:113 - Init User Auth plugin
2024-03-14 10:12:23,512 [INFO] PluginManage:359 - Loaded plugin userauth (category:base,tabindex:14)
2024-03-14 10:12:23,512 [INFO] PluginManage:283 - PluginManage : Loaded plugins [17]
2024-03-14 10:12:23,601 [INFO] PinOutPanel:1499 - setPackage(No Configuration,No Configuration)
2024-03-14 10:12:23,649 [INFO] CADModel:165 - CPN selected for project level
2024-03-14 10:12:23,650 [INFO] CADModel:114 - Register for checkConnection events
2024-03-14 10:12:23,659 [INFO] IPUIPlugin:80 - create IPUIPlugin
2024-03-14 10:12:23,659 [INFO] PluginManager:220 - loadIPPluginJar : add adc
2024-03-14 10:12:23,661 [INFO] IPUIPlugin:80 - create IPUIPlugin
2024-03-14 10:12:23,661 [INFO] PluginManager:220 - loadIPPluginJar : add aes
2024-03-14 10:12:23,662 [INFO] IPUIPlugin:80 - create IPUIPlugin
2024-03-14 10:12:23,662 [INFO] PluginManager:220 - loadIPPluginJar : add can
2024-03-14 10:12:23,663 [INFO] IPUIPlugin:80 - create IPUIPlugin
2024-03-14 10:12:23,663 [INFO] PluginManager:220 - loadIPPluginJar : add comp
2024-03-14 10:12:23,664 [INFO] IPUIPlugin:80 - create IPUIPlugin
2024-03-14 10:12:23,664 [INFO] PluginManager:220 - loadIPPluginJar : add cryp
2024-03-14 10:12:23,665 [INFO] IPUIPlugin:80 - create IPUIPlugin
2024-03-14 10:12:23,665 [INFO] PluginManager:220 - loadIPPluginJar : add dfsdm
2024-03-14 10:12:23,667 [INFO] IPUIPlugin:80 - create IPUIPlugin
2024-03-14 10:12:23,668 [INFO] PluginManager:220 - loadIPPluginJar : add dma
2024-03-14 10:12:23,669 [INFO] IPUIPlugin:80 - create IPUIPlugin
2024-03-14 10:12:23,669 [INFO] PluginManager:220 - loadIPPluginJar : add dma3
2024-03-14 10:12:23,669 [INFO] IPUIPlugin:80 - create IPUIPlugin
2024-03-14 10:12:23,669 [INFO] PluginManager:220 - loadIPPluginJar : add fatfs
2024-03-14 10:12:23,671 [INFO] IPUIPlugin:80 - create IPUIPlugin
2024-03-14 10:12:23,671 [INFO] PluginManager:220 - loadIPPluginJar : add fmc
2024-03-14 10:12:23,674 [INFO] IPUIPlugin:80 - create IPUIPlugin
2024-03-14 10:12:23,674 [INFO] PluginManager:220 - loadIPPluginJar : add freertos
2024-03-14 10:12:23,675 [INFO] IPUIPlugin:80 - create IPUIPlugin
2024-03-14 10:12:23,675 [INFO] PluginManager:220 - loadIPPluginJar : add genericplugin
2024-03-14 10:12:23,676 [INFO] IPUIPlugin:80 - create IPUIPlugin
2024-03-14 10:12:23,676 [INFO] PluginManager:220 - loadIPPluginJar : add gfxmmu
2024-03-14 10:12:23,678 [INFO] IPUIPlugin:80 - create IPUIPlugin
2024-03-14 10:12:23,678 [INFO] PluginManager:220 - loadIPPluginJar : add gic
2024-03-14 10:12:23,680 [INFO] IPUIPlugin:80 - create IPUIPlugin
2024-03-14 10:12:23,680 [INFO] PluginManager:220 - loadIPPluginJar : add gpio
2024-03-14 10:12:23,681 [INFO] IPUIPlugin:80 - create IPUIPlugin
2024-03-14 10:12:23,681 [INFO] PluginManager:220 - loadIPPluginJar : add gtzc
2024-03-14 10:12:23,682 [INFO] IPUIPlugin:80 - create IPUIPlugin
2024-03-14 10:12:23,682 [INFO] PluginManager:220 - loadIPPluginJar : add hash
2024-03-14 10:12:23,684 [INFO] IPUIPlugin:80 - create IPUIPlugin
2024-03-14 10:12:23,684 [INFO] PluginManager:220 - loadIPPluginJar : add i2c
2024-03-14 10:12:23,685 [INFO] IPUIPlugin:80 - create IPUIPlugin
2024-03-14 10:12:23,685 [INFO] PluginManager:220 - loadIPPluginJar : add i2s
2024-03-14 10:12:23,686 [INFO] IPUIPlugin:80 - create IPUIPlugin
2024-03-14 10:12:23,686 [INFO] PluginManager:220 - loadIPPluginJar : add i3c
2024-03-14 10:12:23,687 [INFO] IPUIPlugin:80 - create IPUIPlugin
2024-03-14 10:12:23,687 [INFO] PluginManager:220 - loadIPPluginJar : add ipddr
2024-03-14 10:12:23,691 [INFO] IPUIPlugin:80 - create IPUIPlugin
2024-03-14 10:12:23,691 [INFO] PluginManager:220 - loadIPPluginJar : add linkedlist
2024-03-14 10:12:23,692 [INFO] IPUIPlugin:80 - create IPUIPlugin
2024-03-14 10:12:23,692 [INFO] PluginManager:220 - loadIPPluginJar : add lorawan
2024-03-14 10:12:23,693 [INFO] IPUIPlugin:80 - create IPUIPlugin
2024-03-14 10:12:23,693 [INFO] PluginManager:220 - loadIPPluginJar : add ltdc
2024-03-14 10:12:23,696 [INFO] IPUIPlugin:80 - create IPUIPlugin
2024-03-14 10:12:23,696 [INFO] PluginManager:220 - loadIPPluginJar : add mdma
2024-03-14 10:12:23,697 [INFO] IPUIPlugin:80 - create IPUIPlugin
2024-03-14 10:12:23,697 [INFO] PluginManager:220 - loadIPPluginJar : add nvic
2024-03-14 10:12:23,698 [INFO] IPUIPlugin:80 - create IPUIPlugin
2024-03-14 10:12:23,699 [INFO] PluginManager:220 - loadIPPluginJar : add opamp
2024-03-14 10:12:23,700 [INFO] IPUIPlugin:80 - create IPUIPlugin
2024-03-14 10:12:23,700 [INFO] PluginManager:220 - loadIPPluginJar : add openamp
2024-03-14 10:12:23,701 [INFO] IPUIPlugin:80 - create IPUIPlugin
2024-03-14 10:12:23,701 [INFO] PluginManager:220 - loadIPPluginJar : add pdm2pcm
2024-03-14 10:12:23,704 [INFO] IPUIPlugin:80 - create IPUIPlugin
2024-03-14 10:12:23,705 [INFO] PluginManager:220 - loadIPPluginJar : add plateformsettings
2024-03-14 10:12:23,706 [INFO] IPUIPlugin:80 - create IPUIPlugin
2024-03-14 10:12:23,706 [INFO] PluginManager:220 - loadIPPluginJar : add quadspi
2024-03-14 10:12:23,708 [INFO] IPUIPlugin:80 - create IPUIPlugin
2024-03-14 10:12:23,708 [INFO] PluginManager:220 - loadIPPluginJar : add resmgrutility
2024-03-14 10:12:23,710 [INFO] IPUIPlugin:80 - create IPUIPlugin
2024-03-14 10:12:23,710 [INFO] PluginManager:220 - loadIPPluginJar : add sai
2024-03-14 10:12:23,711 [INFO] IPUIPlugin:80 - create IPUIPlugin
2024-03-14 10:12:23,711 [INFO] PluginManager:220 - loadIPPluginJar : add spi
2024-03-14 10:12:23,713 [INFO] IPUIPlugin:80 - create IPUIPlugin
2024-03-14 10:12:23,713 [INFO] PluginManager:220 - loadIPPluginJar : add stm32_wpan
2024-03-14 10:12:23,714 [INFO] IPUIPlugin:80 - create IPUIPlugin
2024-03-14 10:12:23,714 [INFO] PluginManager:220 - loadIPPluginJar : add tim
2024-03-14 10:12:23,716 [INFO] IPUIPlugin:80 - create IPUIPlugin
2024-03-14 10:12:23,716 [INFO] PluginManager:220 - loadIPPluginJar : add touchsensing
2024-03-14 10:12:23,716 [INFO] IPUIPlugin:80 - create IPUIPlugin
2024-03-14 10:12:23,717 [INFO] PluginManager:220 - loadIPPluginJar : add tracer_emb
2024-03-14 10:12:23,717 [INFO] IPUIPlugin:80 - create IPUIPlugin
2024-03-14 10:12:23,717 [INFO] PluginManager:220 - loadIPPluginJar : add ts
2024-03-14 10:12:23,718 [INFO] IPUIPlugin:80 - create IPUIPlugin
2024-03-14 10:12:23,718 [INFO] PluginManager:220 - loadIPPluginJar : add tsc
2024-03-14 10:12:23,719 [INFO] IPUIPlugin:80 - create IPUIPlugin
2024-03-14 10:12:23,719 [INFO] PluginManager:220 - loadIPPluginJar : add ucpd
2024-03-14 10:12:23,720 [INFO] IPUIPlugin:80 - create IPUIPlugin
2024-03-14 10:12:23,720 [INFO] PluginManager:220 - loadIPPluginJar : add usart
2024-03-14 10:12:23,721 [INFO] IPUIPlugin:80 - create IPUIPlugin
2024-03-14 10:12:23,721 [INFO] PluginManager:220 - loadIPPluginJar : add usbx
2024-03-14 10:12:23,816 [INFO] CADModel:165 - CPN selected for project level
2024-03-14 10:12:23,816 [INFO] CADModel:114 - Register for checkConnection events
2024-03-14 10:12:23,816 [FATAL] Updater:308 - Updater called before beeing initialized
2024-03-14 10:12:23,816 [ERROR] CADModel:125 - Updater not yet initialized, retry later 
2024-03-14 10:12:23,870 [INFO] CADModel:165 - CPN selected for project level
2024-03-14 10:12:23,870 [INFO] CADModel:114 - Register for checkConnection events
2024-03-14 10:12:23,870 [FATAL] Updater:308 - Updater called before beeing initialized
2024-03-14 10:12:23,870 [ERROR] CADModel:125 - Updater not yet initialized, retry later 
2024-03-14 10:12:23,872 [FATAL] Updater:308 - Updater called before beeing initialized
2024-03-14 10:12:23,916 [FATAL] Updater:308 - Updater called before beeing initialized
2024-03-14 10:12:23,919 [INFO] DbMcusAds:53 - JSON generation date=Wed Nov 29 02:52:27 PST 2023 (1701255147349)
2024-03-14 10:12:23,920 [FATAL] Updater:308 - Updater called before beeing initialized
2024-03-14 10:12:23,936 [WARN] DetailPanel:346 - Failed to get advertising image, set to default
2024-03-14 10:12:23,982 [FATAL] Updater:308 - Updater called before beeing initialized
2024-03-14 10:12:23,983 [FATAL] Updater:308 - Updater called before beeing initialized
2024-03-14 10:12:23,983 [FATAL] Updater:308 - Updater called before beeing initialized
2024-03-14 10:12:23,983 [WARN] DetailPanel:346 - Failed to get advertising image, set to default
2024-03-14 10:12:23,984 [FATAL] Updater:308 - Updater called before beeing initialized
2024-03-14 10:12:24,003 [ERROR] Updater:1120 - MainUpdater not yet initialized. External WinMGr cannot be set.
2024-03-14 10:12:24,004 [INFO] Updater:1056 - Updater Version found : 6.9.2
2024-03-14 10:12:24,014 [INFO] ApplicationProperties:184 - Using Application install path: C:\Program Files\STMicroelectronics\STM32CubeIDE_1.13.2\STM32CubeIDE\plugins\com.st.stm32cube.common.mx_6.9.2.202309101412
2024-03-14 10:12:24,393 [INFO] MainUpdater:2868 - connection check result : 10
2024-03-14 10:12:24,393 [INFO] MainUpdater:285 - Updater Check For Update Now.
2024-03-14 10:12:24,393 [INFO] MicroXplorer:498 - Change Database Version : DB.6.0.92
2024-03-14 10:12:24,396 [INFO] McuFinderGlobals:63 - Set McuFinder mode to 2 (CubeIDE integrated)
2024-03-14 10:12:24,536 [INFO] CheckServerUpdateThread:120 - End of CheckServer Thread
2024-03-14 10:12:26,496 [WARN] PackLoader:240 - Cannot read IP mode file for STMicroelectronics.X-CUBE-SMBUS.2.1.0
2024-03-14 10:12:26,499 [WARN] PackLoader:240 - Cannot read IP mode file for STMicroelectronics.X-CUBE-TOUCHGFX.4.23.0
2024-03-14 10:12:26,521 [WARN] PackLoader:240 - Cannot read IP mode file for STMicroelectronics.X-CUBE-AZRTOS-F7.1.1.0
2024-03-14 10:12:26,527 [WARN] PackLoader:240 - Cannot read IP mode file for STMicroelectronics.FP-SNS-MOTENV1.4.3.2
2024-03-14 10:12:26,530 [WARN] PackLoader:240 - Cannot read IP mode file for STMicroelectronics.FP-SNS-FLIGHT1.5.0.2
2024-03-14 10:12:26,534 [WARN] PackLoader:240 - Cannot read IP mode file for STMicroelectronics.X-CUBE-DISPLAY.3.0.0
2024-03-14 10:12:26,542 [WARN] PackLoader:240 - Cannot read IP mode file for STMicroelectronics.X-CUBE-BLE1.7.0.0
2024-03-14 10:12:26,546 [WARN] PackLoader:240 - Cannot read IP mode file for emotas.I-CUBE-CANOPEN.1.3.0
2024-03-14 10:12:26,551 [WARN] PackLoader:240 - Cannot read IP mode file for STMicroelectronics.X-CUBE-BLEMGR.3.1.0
2024-03-14 10:12:26,559 [INFO] LogOutputStream:77 - [STDOUT_REDIRECT] 1 : Invalid condition id : UX_CORESTACK_Condition cause : null
2024-03-14 10:12:26,560 [INFO] LogOutputStream:77 - [STDOUT_REDIRECT] 1 : Invalid condition id : UX_CORESTACK_Condition cause : null
2024-03-14 10:12:26,560 [INFO] LogOutputStream:77 - [STDOUT_REDIRECT] 1 : Invalid condition id : UX_CORESTACK_Condition cause : null
2024-03-14 10:12:26,561 [INFO] LogOutputStream:77 - [STDOUT_REDIRECT] 1 : Invalid condition id : UX_CORESTACK_Condition cause : null
2024-03-14 10:12:26,562 [INFO] LogOutputStream:77 - [STDOUT_REDIRECT] 1 : Invalid condition id : UX_CORESTACK_Condition cause : null
2024-03-14 10:12:26,564 [WARN] PackLoader:240 - Cannot read IP mode file for STMicroelectronics.X-CUBE-AZRTOS-WL.2.0.0
2024-03-14 10:12:26,570 [WARN] PackLoader:240 - Cannot read IP mode file for WES.I-CUBE-Cesium.1.3.0
2024-03-14 10:12:26,573 [WARN] PackLoader:240 - Cannot read IP mode file for STMicroelectronics.X-CUBE-BLE2.3.3.0
2024-03-14 10:12:26,577 [WARN] PackLoader:240 - Cannot read IP mode file for STMicroelectronics.X-CUBE-ALGOBUILD.1.3.0
2024-03-14 10:12:26,585 [WARN] PackLoader:240 - Cannot read IP mode file for STMicroelectronics.X-CUBE-AZRTOS-G0.1.1.0
2024-03-14 10:12:26,590 [WARN] PackLoader:240 - Cannot read IP mode file for STMicroelectronics.X-CUBE-NFC4.3.0.0
2024-03-14 10:12:26,595 [WARN] PackLoader:240 - Cannot read IP mode file for STMicroelectronics.X-CUBE-BLEMGR.3.0.0
2024-03-14 10:12:26,598 [WARN] PackLoader:240 - Cannot read IP mode file for STMicroelectronics.FP-ATR-SIGFOX1.3.2.0
2024-03-14 10:12:26,601 [WARN] PackLoader:240 - Cannot read IP mode file for STMicroelectronics.X-CUBE-EEPRMA1.5.1.0
2024-03-14 10:12:26,615 [WARN] PackLoader:240 - Cannot read IP mode file for SEGGER.I-CUBE-embOS.1.3.1
2024-03-14 10:12:26,634 [WARN] PackLoader:240 - Cannot read IP mode file for STMicroelectronics.X-CUBE-GNSS1.6.0.0
2024-03-14 10:12:26,640 [WARN] PackLoader:240 - Cannot read IP mode file for STMicroelectronics.X-CUBE-AZRTOS-F4.1.1.0
2024-03-14 10:12:26,642 [WARN] PackLoader:240 - Cannot read IP mode file for wolfSSL.I-CUBE-wolfSSL.5.6.6
2024-03-14 10:12:26,648 [WARN] PackLoader:240 - Cannot read IP mode file for STMicroelectronics.X-CUBE-AZRTOS-L5.2.0.0
2024-03-14 10:12:26,651 [WARN] PackLoader:240 - Cannot read IP mode file for STMicroelectronics.X-CUBE-EEPRMA1.4.2.0
2024-03-14 10:12:26,654 [WARN] PackLoader:240 - Cannot read IP mode file for ITTIA_DB.I-CUBE-ITTIADB.8.8.0
2024-03-14 10:12:26,656 [WARN] PackLoader:240 - Cannot read IP mode file for STMicroelectronics.X-CUBE-NFC7.1.0.1
2024-03-14 10:12:26,659 [WARN] PackLoader:240 - Cannot read IP mode file for STMicroelectronics.X-CUBE-NFC6.3.0.0
2024-03-14 10:12:26,662 [WARN] PackLoader:240 - Cannot read IP mode file for STMicroelectronics.X-CUBE-AI.8.1.0
2024-03-14 10:12:26,667 [WARN] ConditionMgr:438 - getConditionDescription Invalid condition id : LAN8742 Phy interface Condition cause : null
2024-03-14 10:12:26,668 [WARN] PackLoader:240 - Cannot read IP mode file for STMicroelectronics.X-CUBE-AZRTOS-L4.2.0.0
2024-03-14 10:12:26,668 [WARN] ConditionMgr:1039 - genDependencies : Invalid condition id : LAN8742 Phy interface Condition cause : null
2024-03-14 10:12:26,668 [WARN] ConditionMgr:1039 - genDependencies : Invalid condition id : LAN8742 Phy interface Condition cause : null
2024-03-14 10:12:26,669 [WARN] ConditionMgr:1039 - genDependencies : Invalid condition id : LAN8742 Phy interface Condition cause : null
2024-03-14 10:12:26,671 [WARN] PackLoader:240 - Cannot read IP mode file for STMicroelectronics.X-CUBE-SFXS2LP1.4.0.0
2024-03-14 10:12:26,674 [WARN] PackLoader:240 - Cannot read IP mode file for STMicroelectronics.X-CUBE-ISPU.1.1.0
2024-03-14 10:12:26,678 [WARN] ConditionMgr:438 - getConditionDescription Invalid condition id : UX DEVICE CLASS RTOS Condition cause : null
2024-03-14 10:12:26,678 [WARN] ConditionMgr:438 - getConditionDescription Invalid condition id : UX DEVICE CLASS RTOS Condition cause : null
2024-03-14 10:12:26,679 [WARN] PackLoader:240 - Cannot read IP mode file for STMicroelectronics.X-CUBE-AZRTOS-WB.2.0.0
2024-03-14 10:12:26,679 [WARN] ConditionMgr:1039 - genDependencies : Invalid condition id : UX DEVICE CLASS RTOS Condition cause : null
2024-03-14 10:12:26,679 [WARN] ConditionMgr:1039 - genDependencies : Invalid condition id : UX DEVICE CLASS RTOS Condition cause : null
2024-03-14 10:12:26,679 [WARN] ConditionMgr:1039 - genDependencies : Invalid condition id : UX DEVICE CLASS RTOS Condition cause : null
2024-03-14 10:12:26,679 [WARN] ConditionMgr:1039 - genDependencies : Invalid condition id : UX DEVICE CLASS RTOS Condition cause : null
2024-03-14 10:12:26,679 [WARN] ConditionMgr:1039 - genDependencies : Invalid condition id : UX DEVICE CLASS RTOS Condition cause : null
2024-03-14 10:12:26,683 [WARN] PackLoader:240 - Cannot read IP mode file for STMicroelectronics.X-CUBE-SUBG2.5.0.0
2024-03-14 10:12:26,690 [WARN] PackLoader:240 - Cannot read IP mode file for STMicroelectronics.X-CUBE-AZRTOS-G4.2.0.0
2024-03-14 10:12:26,695 [WARN] PackLoader:240 - Cannot read IP mode file for Infineon.AIROC-Wi-Fi-Bluetooth-STM32.1.5.1
2024-03-14 10:12:26,699 [WARN] PackLoader:240 - Cannot read IP mode file for STMicroelectronics.X-CUBE-ISPU.2.0.0
2024-03-14 10:12:26,701 [WARN] PackLoader:240 - Cannot read IP mode file for STMicroelectronics.X-CUBE-FREERTOS.1.1.0
2024-03-14 10:12:26,704 [WARN] PackLoader:240 - Cannot read IP mode file for portGmbH.I-Cube-SoM-uGOAL.1.1.0
2024-03-14 10:12:26,707 [WARN] PackLoader:240 - Cannot read IP mode file for STMicroelectronics.X-CUBE-ALS.1.0.1
2024-03-14 10:12:26,709 [WARN] PackLoader:240 - Cannot read IP mode file for STMicroelectronics.FP-ATR-ASTRA1.2.0.0
2024-03-14 10:12:26,713 [WARN] PackLoader:240 - Cannot read IP mode file for STMicroelectronics.X-CUBE-TOF1.3.4.0
2024-03-14 10:12:26,722 [WARN] PackLoader:240 - Cannot read IP mode file for STMicroelectronics.X-CUBE-TOF1.3.4.1
2024-03-14 10:12:26,732 [WARN] PackLoader:240 - Cannot read IP mode file for STMicroelectronics.X-CUBE-AZRTOS-H7.3.2.0
2024-03-14 10:12:26,733 [INFO] ThirdParty:978 - Integrity check success = true
2024-03-14 10:12:26,733 [INFO] IntegrityCheckThread:100 - exiting critical section [integrity check]
2024-03-14 10:12:26,733 [INFO] IntegrityCheckThread:103 - End integrity checks thread
2024-03-14 10:12:44,554 [ERROR] LogOutputStream:75 - [STDERR_REDIRECT] SLF4J: Failed to load class "org.slf4j.impl.StaticLoggerBinder".
2024-03-14 10:12:44,554 [ERROR] LogOutputStream:75 - [STDERR_REDIRECT] SLF4J: Defaulting to no-operation (NOP) logger implementation
2024-03-14 10:12:44,555 [ERROR] LogOutputStream:75 - [STDERR_REDIRECT] SLF4J: See http://www.slf4j.org/codes.html#StaticLoggerBinder for further details.
2024-03-14 10:14:26,042 [INFO] Activator:176 - 


2024-03-14 10:14:26,043 [INFO] Activator:177 - !SESSION log4j initialized
2024-03-14 10:14:27,504 [INFO] LogOutputStream:77 - [STDOUT_REDIRECT] 
2024-03-14 10:14:41,540 [INFO] ApplicationProperties:184 - Using Application install path: C:\Program Files\STMicroelectronics\STM32CubeIDE_1.13.2\STM32CubeIDE\plugins\com.st.stm32cube.common.mx_6.9.2.202309101412
2024-03-14 10:14:41,549 [INFO] DbMcusXml:78 - Set database path to: C:\Program Files\STMicroelectronics\STM32CubeIDE_1.13.2\STM32CubeIDE\plugins\com.st.stm32cube.common.mx_6.9.2.202309101412\\db\/mcu/
2024-03-14 10:14:41,549 [INFO] ApiDb:274 - Set plugin database path to: C:\Program Files\STMicroelectronics\STM32CubeIDE_1.13.2\STM32CubeIDE\plugins\com.st.stm32cube.common.mx_6.9.2.202309101412\\db\/plugins/boardmanager/
2024-03-14 10:14:41,550 [WARN] ApiDb:259 - Overriding images path with different value:  => C:\Program Files\STMicroelectronics\STM32CubeIDE_1.13.2\STM32CubeIDE\plugins\com.st.stm32cube.common.mx_6.9.2.202309101412\\db\/plugins/mcufinder/images/
2024-03-14 10:14:41,554 [INFO] ApiDb:250 - Set database path to: C:\Users\JJohn\.stmcufinder\plugins\mcufinder//mcu/
2024-03-14 10:14:41,554 [INFO] DbMcusAds:125 - Set database path to: C:\Users\JJohn\.stmcufinder\plugins\mcufinder//mcu/
2024-03-14 10:14:41,576 [INFO] CrossReferenceDbSqlite:203 - Set database path to: C:\Users\JJohn\.stmcufinder\plugins\mcufinder//mcu/cs/
2024-03-14 10:14:41,624 [INFO] RulesReader:64 - Compatibility file has been processed (293 Rules)
2024-03-14 10:14:41,667 [INFO] DbMcusXml:78 - Set database path to: C:\Program Files\STMicroelectronics\STM32CubeIDE_1.13.2\STM32CubeIDE\plugins\com.st.stm32cube.common.mx_6.9.2.202309101412\\db\/mcu/
2024-03-14 10:14:41,667 [INFO] ApiDb:274 - Set plugin database path to: C:\Program Files\STMicroelectronics\STM32CubeIDE_1.13.2\STM32CubeIDE\plugins\com.st.stm32cube.common.mx_6.9.2.202309101412\\db\/plugins/boardmanager/
2024-03-14 10:14:41,668 [INFO] ApiDb:261 - Set plugin images path to: C:\Program Files\STMicroelectronics\STM32CubeIDE_1.13.2\STM32CubeIDE\plugins\com.st.stm32cube.common.mx_6.9.2.202309101412\\db\/plugins/mcufinder/images/
2024-03-14 10:14:41,668 [WARN] DbFile:41 - Overriding database path with different value: C:\Users\JJohn\.stmcufinder\plugins\mcufinder/ => C:\Users\JJohn\.stmcufinder\plugins\mcufinder
2024-03-14 10:14:41,668 [INFO] ApiDb:250 - Set database path to: C:\Users\JJohn\.stmcufinder\plugins\mcufinder//mcu/
2024-03-14 10:14:41,668 [WARN] DbFile:41 - Overriding database path with different value: C:\Users\JJohn\.stmcufinder\plugins\mcufinder/ => C:\Users\JJohn\.stmcufinder\plugins\mcufinder
2024-03-14 10:14:41,668 [INFO] DbMcusAds:125 - Set database path to: C:\Users\JJohn\.stmcufinder\plugins\mcufinder//mcu/
2024-03-14 10:14:41,668 [WARN] DbFile:41 - Overriding database path with different value: C:\Users\JJohn\.stmcufinder\plugins\mcufinder/ => C:\Users\JJohn\.stmcufinder\plugins\mcufinder
2024-03-14 10:14:41,668 [WARN] DbFile:41 - Overriding database path with different value: C:\Users\JJohn\.stmcufinder\plugins\mcufinder/ => C:\Users\JJohn\.stmcufinder\plugins\mcufinder
2024-03-14 10:14:41,668 [INFO] CrossReferenceDbSqlite:203 - Set database path to: C:\Users\JJohn\.stmcufinder\plugins\mcufinder//mcu/cs/
2024-03-14 10:14:41,698 [INFO] MainPanel:262 - HeapMemory: 268435456
2024-03-14 10:14:41,728 [INFO] DbMcusXml:78 - Set database path to: C:\Program Files\STMicroelectronics\STM32CubeIDE_1.13.2\STM32CubeIDE\plugins\com.st.stm32cube.common.mx_6.9.2.202309101412\\db\/mcu/
2024-03-14 10:14:41,728 [INFO] ApiDb:274 - Set plugin database path to: C:\Program Files\STMicroelectronics\STM32CubeIDE_1.13.2\STM32CubeIDE\plugins\com.st.stm32cube.common.mx_6.9.2.202309101412\\db\/plugins/boardmanager/
2024-03-14 10:14:41,728 [INFO] ApiDb:261 - Set plugin images path to: C:\Program Files\STMicroelectronics\STM32CubeIDE_1.13.2\STM32CubeIDE\plugins\com.st.stm32cube.common.mx_6.9.2.202309101412\\db\/plugins/mcufinder/images/
2024-03-14 10:14:41,728 [WARN] DbFile:41 - Overriding database path with different value: C:\Users\JJohn\.stmcufinder\plugins\mcufinder/ => C:\Users\JJohn\.stmcufinder\plugins\mcufinder
2024-03-14 10:14:41,728 [INFO] ApiDb:250 - Set database path to: C:\Users\JJohn\.stmcufinder\plugins\mcufinder//mcu/
2024-03-14 10:14:41,728 [WARN] DbFile:41 - Overriding database path with different value: C:\Users\JJohn\.stmcufinder\plugins\mcufinder/ => C:\Users\JJohn\.stmcufinder\plugins\mcufinder
2024-03-14 10:14:41,728 [INFO] DbMcusAds:125 - Set database path to: C:\Users\JJohn\.stmcufinder\plugins\mcufinder//mcu/
2024-03-14 10:14:41,728 [WARN] DbFile:41 - Overriding database path with different value: C:\Users\JJohn\.stmcufinder\plugins\mcufinder/ => C:\Users\JJohn\.stmcufinder\plugins\mcufinder
2024-03-14 10:14:41,728 [WARN] DbFile:41 - Overriding database path with different value: C:\Users\JJohn\.stmcufinder\plugins\mcufinder/ => C:\Users\JJohn\.stmcufinder\plugins\mcufinder
2024-03-14 10:14:41,728 [INFO] CrossReferenceDbSqlite:203 - Set database path to: C:\Users\JJohn\.stmcufinder\plugins\mcufinder//mcu/cs/
2024-03-14 10:14:41,735 [INFO] ApplicationProperties:184 - Using Application install path: C:\Program Files\STMicroelectronics\STM32CubeIDE_1.13.2\STM32CubeIDE\plugins\com.st.stm32cube.common.mx_6.9.2.202309101412
2024-03-14 10:14:41,736 [INFO] PluginManage:196 - Search for loadable plugins [exclusion list=, ]
2024-03-14 10:14:41,737 [INFO] PluginManage:310 - Check plugin analytics
2024-03-14 10:14:41,902 [INFO] AnalyticsPlugin:253 - Accepted Software Licenses: 
2024-03-14 10:14:41,902 [INFO] AnalyticsPlugin:255 - Accepted CMSIS Pack Licenses: 
2024-03-14 10:14:41,902 [INFO] AnalyticsPlugin:257 - Accepted Firmware Licenses: 
2024-03-14 10:14:41,904 [INFO] PluginManage:359 - Loaded plugin analytics (category:tool,tabindex:-1)
2024-03-14 10:14:41,904 [INFO] PluginManage:310 - Check plugin cadmodel
2024-03-14 10:14:41,906 [INFO] CADModel:105 - Init CAD model plugin
2024-03-14 10:14:41,906 [INFO] PluginManage:359 - Loaded plugin cadmodel (category:power,tabindex:5)
2024-03-14 10:14:41,906 [INFO] PluginManage:310 - Check plugin clock
2024-03-14 10:14:41,910 [INFO] PluginManage:359 - Loaded plugin clock (category:base,tabindex:2)
2024-03-14 10:14:41,910 [INFO] PluginManage:310 - Check plugin ddr
2024-03-14 10:14:41,911 [INFO] PluginManage:359 - Loaded plugin ddr (category:tool,tabindex:6)
2024-03-14 10:14:41,911 [INFO] PluginManage:310 - Check plugin filemanager
2024-03-14 10:14:41,970 [INFO] PluginManage:359 - Loaded plugin filemanager (category:base,tabindex:10)
2024-03-14 10:14:41,970 [INFO] PluginManage:310 - Check plugin ipmanager
2024-03-14 10:14:41,973 [INFO] PluginManage:359 - Loaded plugin ipmanager (category:base,tabindex:5)
2024-03-14 10:14:41,973 [INFO] PluginManage:310 - Check plugin lpbam
2024-03-14 10:14:41,977 [INFO] PluginManage:359 - Loaded plugin lpbam (category:base,tabindex:0)
2024-03-14 10:14:41,977 [INFO] PluginManage:310 - Check plugin memorymap
2024-03-14 10:14:41,982 [INFO] PluginManage:359 - Loaded plugin memorymap (category:base,tabindex:4)
2024-03-14 10:14:41,982 [INFO] PluginManage:310 - Check plugin pinoutandconfiguration
2024-03-14 10:14:41,985 [INFO] PluginManage:359 - Loaded plugin pinoutandconfiguration (category:base,tabindex:1)
2024-03-14 10:14:41,985 [INFO] PluginManage:310 - Check plugin pinoutconfig
2024-03-14 10:14:42,023 [WARN] SupportedApi:132 - Cannot load RTOS API schema: s4s-elt-must-match.1: The content of 'definitions' must match (annotation?, (simpleType | complexType)?, (unique | key | keyref)*)). A problem was found starting at: attribute.
2024-03-14 10:14:42,098 [INFO] PluginManage:359 - Loaded plugin pinoutconfig (category:base,tabindex:0)
2024-03-14 10:14:42,099 [INFO] PluginManage:310 - Check plugin power
2024-03-14 10:14:42,103 [INFO] PluginManage:359 - Loaded plugin power (category:power,tabindex:4)
2024-03-14 10:14:42,103 [INFO] PluginManage:310 - Check plugin projectmanager
2024-03-14 10:14:42,109 [INFO] PluginManage:359 - Loaded plugin projectmanager (category:projectmanager,tabindex:3)
2024-03-14 10:14:42,109 [INFO] PluginManage:310 - Check plugin thirdparty
2024-03-14 10:14:42,161 [INFO] PluginManage:359 - Loaded plugin thirdparty (category:base,tabindex:-1)
2024-03-14 10:14:42,161 [INFO] PluginManage:310 - Check plugin tools
2024-03-14 10:14:42,161 [WARN] IntegrityCheckThread:84 - waiting for thirdparty lock release [integrity check]
2024-03-14 10:14:42,162 [INFO] IntegrityCheckThread:86 - entering critical section [integrity check]
2024-03-14 10:14:42,162 [INFO] ThirdPartyUpdaterWithRetryManager:70 - Updater plugin not ready yet. [1/15]
2024-03-14 10:14:42,163 [INFO] PluginManage:359 - Loaded plugin tools (category:base,tabindex:7)
2024-03-14 10:14:42,163 [INFO] PluginManage:310 - Check plugin tutovideos
2024-03-14 10:14:42,234 [INFO] PluginManage:359 - Loaded plugin tutovideos (category:base,tabindex:-1)
2024-03-14 10:14:42,234 [INFO] PluginManage:310 - Check plugin updater
2024-03-14 10:14:42,238 [INFO] PluginManage:359 - Loaded plugin updater (category:base,tabindex:12)
2024-03-14 10:14:42,238 [INFO] PluginManage:310 - Check plugin userauth
2024-03-14 10:14:42,241 [INFO] UserAuth:113 - Init User Auth plugin
2024-03-14 10:14:42,241 [INFO] PluginManage:359 - Loaded plugin userauth (category:base,tabindex:14)
2024-03-14 10:14:42,241 [INFO] PluginManage:283 - PluginManage : Loaded plugins [17]
2024-03-14 10:14:42,342 [INFO] PinOutPanel:1499 - setPackage(No Configuration,No Configuration)
2024-03-14 10:14:42,386 [INFO] CADModel:165 - CPN selected for project level
2024-03-14 10:14:42,386 [INFO] CADModel:114 - Register for checkConnection events
2024-03-14 10:14:42,393 [INFO] IPUIPlugin:80 - create IPUIPlugin
2024-03-14 10:14:42,394 [INFO] PluginManager:220 - loadIPPluginJar : add adc
2024-03-14 10:14:42,395 [INFO] IPUIPlugin:80 - create IPUIPlugin
2024-03-14 10:14:42,395 [INFO] PluginManager:220 - loadIPPluginJar : add aes
2024-03-14 10:14:42,396 [INFO] IPUIPlugin:80 - create IPUIPlugin
2024-03-14 10:14:42,396 [INFO] PluginManager:220 - loadIPPluginJar : add can
2024-03-14 10:14:42,396 [INFO] IPUIPlugin:80 - create IPUIPlugin
2024-03-14 10:14:42,397 [INFO] PluginManager:220 - loadIPPluginJar : add comp
2024-03-14 10:14:42,398 [INFO] IPUIPlugin:80 - create IPUIPlugin
2024-03-14 10:14:42,398 [INFO] PluginManager:220 - loadIPPluginJar : add cryp
2024-03-14 10:14:42,399 [INFO] IPUIPlugin:80 - create IPUIPlugin
2024-03-14 10:14:42,399 [INFO] PluginManager:220 - loadIPPluginJar : add dfsdm
2024-03-14 10:14:42,401 [INFO] IPUIPlugin:80 - create IPUIPlugin
2024-03-14 10:14:42,401 [INFO] PluginManager:220 - loadIPPluginJar : add dma
2024-03-14 10:14:42,402 [INFO] IPUIPlugin:80 - create IPUIPlugin
2024-03-14 10:14:42,402 [INFO] PluginManager:220 - loadIPPluginJar : add dma3
2024-03-14 10:14:42,403 [INFO] IPUIPlugin:80 - create IPUIPlugin
2024-03-14 10:14:42,403 [INFO] PluginManager:220 - loadIPPluginJar : add fatfs
2024-03-14 10:14:42,405 [INFO] IPUIPlugin:80 - create IPUIPlugin
2024-03-14 10:14:42,405 [INFO] PluginManager:220 - loadIPPluginJar : add fmc
2024-03-14 10:14:42,408 [INFO] IPUIPlugin:80 - create IPUIPlugin
2024-03-14 10:14:42,408 [INFO] PluginManager:220 - loadIPPluginJar : add freertos
2024-03-14 10:14:42,408 [INFO] IPUIPlugin:80 - create IPUIPlugin
2024-03-14 10:14:42,408 [INFO] PluginManager:220 - loadIPPluginJar : add genericplugin
2024-03-14 10:14:42,409 [INFO] IPUIPlugin:80 - create IPUIPlugin
2024-03-14 10:14:42,409 [INFO] PluginManager:220 - loadIPPluginJar : add gfxmmu
2024-03-14 10:14:42,412 [INFO] IPUIPlugin:80 - create IPUIPlugin
2024-03-14 10:14:42,412 [INFO] PluginManager:220 - loadIPPluginJar : add gic
2024-03-14 10:14:42,414 [INFO] IPUIPlugin:80 - create IPUIPlugin
2024-03-14 10:14:42,414 [INFO] PluginManager:220 - loadIPPluginJar : add gpio
2024-03-14 10:14:42,415 [INFO] IPUIPlugin:80 - create IPUIPlugin
2024-03-14 10:14:42,415 [INFO] PluginManager:220 - loadIPPluginJar : add gtzc
2024-03-14 10:14:42,416 [INFO] IPUIPlugin:80 - create IPUIPlugin
2024-03-14 10:14:42,416 [INFO] PluginManager:220 - loadIPPluginJar : add hash
2024-03-14 10:14:42,417 [INFO] IPUIPlugin:80 - create IPUIPlugin
2024-03-14 10:14:42,417 [INFO] PluginManager:220 - loadIPPluginJar : add i2c
2024-03-14 10:14:42,418 [INFO] IPUIPlugin:80 - create IPUIPlugin
2024-03-14 10:14:42,419 [INFO] PluginManager:220 - loadIPPluginJar : add i2s
2024-03-14 10:14:42,420 [INFO] IPUIPlugin:80 - create IPUIPlugin
2024-03-14 10:14:42,420 [INFO] PluginManager:220 - loadIPPluginJar : add i3c
2024-03-14 10:14:42,421 [INFO] IPUIPlugin:80 - create IPUIPlugin
2024-03-14 10:14:42,421 [INFO] PluginManager:220 - loadIPPluginJar : add ipddr
2024-03-14 10:14:42,425 [INFO] IPUIPlugin:80 - create IPUIPlugin
2024-03-14 10:14:42,425 [INFO] PluginManager:220 - loadIPPluginJar : add linkedlist
2024-03-14 10:14:42,426 [INFO] IPUIPlugin:80 - create IPUIPlugin
2024-03-14 10:14:42,426 [INFO] PluginManager:220 - loadIPPluginJar : add lorawan
2024-03-14 10:14:42,427 [INFO] IPUIPlugin:80 - create IPUIPlugin
2024-03-14 10:14:42,427 [INFO] PluginManager:220 - loadIPPluginJar : add ltdc
2024-03-14 10:14:42,430 [INFO] IPUIPlugin:80 - create IPUIPlugin
2024-03-14 10:14:42,430 [INFO] PluginManager:220 - loadIPPluginJar : add mdma
2024-03-14 10:14:42,432 [INFO] IPUIPlugin:80 - create IPUIPlugin
2024-03-14 10:14:42,432 [INFO] PluginManager:220 - loadIPPluginJar : add nvic
2024-03-14 10:14:42,433 [INFO] IPUIPlugin:80 - create IPUIPlugin
2024-03-14 10:14:42,433 [INFO] PluginManager:220 - loadIPPluginJar : add opamp
2024-03-14 10:14:42,434 [INFO] IPUIPlugin:80 - create IPUIPlugin
2024-03-14 10:14:42,434 [INFO] PluginManager:220 - loadIPPluginJar : add openamp
2024-03-14 10:14:42,435 [INFO] IPUIPlugin:80 - create IPUIPlugin
2024-03-14 10:14:42,436 [INFO] PluginManager:220 - loadIPPluginJar : add pdm2pcm
2024-03-14 10:14:42,438 [INFO] IPUIPlugin:80 - create IPUIPlugin
2024-03-14 10:14:42,440 [INFO] PluginManager:220 - loadIPPluginJar : add plateformsettings
2024-03-14 10:14:42,440 [INFO] IPUIPlugin:80 - create IPUIPlugin
2024-03-14 10:14:42,440 [INFO] PluginManager:220 - loadIPPluginJar : add quadspi
2024-03-14 10:14:42,442 [INFO] IPUIPlugin:80 - create IPUIPlugin
2024-03-14 10:14:42,442 [INFO] PluginManager:220 - loadIPPluginJar : add resmgrutility
2024-03-14 10:14:42,443 [INFO] IPUIPlugin:80 - create IPUIPlugin
2024-03-14 10:14:42,443 [INFO] PluginManager:220 - loadIPPluginJar : add sai
2024-03-14 10:14:42,444 [INFO] IPUIPlugin:80 - create IPUIPlugin
2024-03-14 10:14:42,444 [INFO] PluginManager:220 - loadIPPluginJar : add spi
2024-03-14 10:14:42,447 [INFO] IPUIPlugin:80 - create IPUIPlugin
2024-03-14 10:14:42,447 [INFO] PluginManager:220 - loadIPPluginJar : add stm32_wpan
2024-03-14 10:14:42,447 [INFO] IPUIPlugin:80 - create IPUIPlugin
2024-03-14 10:14:42,447 [INFO] PluginManager:220 - loadIPPluginJar : add tim
2024-03-14 10:14:42,448 [INFO] IPUIPlugin:80 - create IPUIPlugin
2024-03-14 10:14:42,448 [INFO] PluginManager:220 - loadIPPluginJar : add touchsensing
2024-03-14 10:14:42,449 [INFO] IPUIPlugin:80 - create IPUIPlugin
2024-03-14 10:14:42,449 [INFO] PluginManager:220 - loadIPPluginJar : add tracer_emb
2024-03-14 10:14:42,450 [INFO] IPUIPlugin:80 - create IPUIPlugin
2024-03-14 10:14:42,450 [INFO] PluginManager:220 - loadIPPluginJar : add ts
2024-03-14 10:14:42,451 [INFO] IPUIPlugin:80 - create IPUIPlugin
2024-03-14 10:14:42,451 [INFO] PluginManager:220 - loadIPPluginJar : add tsc
2024-03-14 10:14:42,451 [INFO] IPUIPlugin:80 - create IPUIPlugin
2024-03-14 10:14:42,451 [INFO] PluginManager:220 - loadIPPluginJar : add ucpd
2024-03-14 10:14:42,453 [INFO] IPUIPlugin:80 - create IPUIPlugin
2024-03-14 10:14:42,453 [INFO] PluginManager:220 - loadIPPluginJar : add usart
2024-03-14 10:14:42,454 [INFO] IPUIPlugin:80 - create IPUIPlugin
2024-03-14 10:14:42,454 [INFO] PluginManager:220 - loadIPPluginJar : add usbx
2024-03-14 10:14:42,547 [INFO] CADModel:165 - CPN selected for project level
2024-03-14 10:14:42,547 [INFO] CADModel:114 - Register for checkConnection events
2024-03-14 10:14:42,547 [FATAL] Updater:308 - Updater called before beeing initialized
2024-03-14 10:14:42,547 [ERROR] CADModel:125 - Updater not yet initialized, retry later 
2024-03-14 10:14:42,607 [INFO] CADModel:165 - CPN selected for project level
2024-03-14 10:14:42,607 [INFO] CADModel:114 - Register for checkConnection events
2024-03-14 10:14:42,608 [FATAL] Updater:308 - Updater called before beeing initialized
2024-03-14 10:14:42,608 [ERROR] CADModel:125 - Updater not yet initialized, retry later 
2024-03-14 10:14:42,609 [FATAL] Updater:308 - Updater called before beeing initialized
2024-03-14 10:14:42,658 [FATAL] Updater:308 - Updater called before beeing initialized
2024-03-14 10:14:42,661 [INFO] DbMcusAds:53 - JSON generation date=Wed Nov 29 02:52:27 PST 2023 (1701255147349)
2024-03-14 10:14:42,661 [FATAL] Updater:308 - Updater called before beeing initialized
2024-03-14 10:14:42,677 [WARN] DetailPanel:346 - Failed to get advertising image, set to default
2024-03-14 10:14:42,722 [FATAL] Updater:308 - Updater called before beeing initialized
2024-03-14 10:14:42,723 [FATAL] Updater:308 - Updater called before beeing initialized
2024-03-14 10:14:42,723 [FATAL] Updater:308 - Updater called before beeing initialized
2024-03-14 10:14:42,723 [WARN] DetailPanel:346 - Failed to get advertising image, set to default
2024-03-14 10:14:42,723 [FATAL] Updater:308 - Updater called before beeing initialized
2024-03-14 10:14:42,739 [ERROR] Updater:1120 - MainUpdater not yet initialized. External WinMGr cannot be set.
2024-03-14 10:14:42,740 [INFO] Updater:1056 - Updater Version found : 6.9.2
2024-03-14 10:14:42,749 [INFO] ApplicationProperties:184 - Using Application install path: C:\Program Files\STMicroelectronics\STM32CubeIDE_1.13.2\STM32CubeIDE\plugins\com.st.stm32cube.common.mx_6.9.2.202309101412
2024-03-14 10:14:43,128 [INFO] MainUpdater:2868 - connection check result : 10
2024-03-14 10:14:43,128 [INFO] MainUpdater:285 - Updater Check For Update Now.
2024-03-14 10:14:43,128 [INFO] MicroXplorer:498 - Change Database Version : DB.6.0.92
2024-03-14 10:14:43,131 [INFO] McuFinderGlobals:63 - Set McuFinder mode to 2 (CubeIDE integrated)
2024-03-14 10:14:43,275 [INFO] CheckServerUpdateThread:120 - End of CheckServer Thread
